# ELBREAD: Elaboration process.
# ELBREAD: Elaboration time 0.0 [s].
acom -dbg -e 100 -work System_2 -2018  $dsn/src/ALU.vhd $dsn/src/data_forward.vhd $dsn/src/EX_WB_Reg.vhd $dsn/src/forward_mux.vhd $dsn/src/ID_EX_Reg.vhd $dsn/src/IF_ID_reg.vhd $dsn/src/Instruct_Buffer.vhd $dsn/src/instruct_fetch.vhd $dsn/src/Program_Counter.vhd $dsn/src/register_file.vhd $dsn/src/System.vhd $dsn/src/System_tb.vhd
# File: C:/Users/Seyi Olajuyi/Documents/Courses/ESE345/Projec/System_2/System_2/src/ALU.vhd
# Compile Entity "ALU"
# Compile Architecture "ALU" of Entity "ALU"
# File: C:/Users/Seyi Olajuyi/Documents/Courses/ESE345/Projec/System_2/System_2/src/data_forward.vhd
# Compile Entity "data_forward"
# Compile Architecture "data_forward" of Entity "data_forward"
# File: C:/Users/Seyi Olajuyi/Documents/Courses/ESE345/Projec/System_2/System_2/src/EX_WB_Reg.vhd
# Compile Entity "EX_WB_Reg"
# Compile Architecture "EX_WB_Reg" of Entity "EX_WB_Reg"
# File: C:/Users/Seyi Olajuyi/Documents/Courses/ESE345/Projec/System_2/System_2/src/forward_mux.vhd
# Compile Entity "forward_mux"
# Compile Architecture "forward_mux" of Entity "forward_mux"
# File: C:/Users/Seyi Olajuyi/Documents/Courses/ESE345/Projec/System_2/System_2/src/ID_EX_Reg.vhd
# Compile Entity "ID_EX_Reg"
# Compile Architecture "ID_EX_Reg" of Entity "ID_EX_Reg"
# File: C:/Users/Seyi Olajuyi/Documents/Courses/ESE345/Projec/System_2/System_2/src/IF_ID_reg.vhd
# Compile Entity "IF_ID_reg"
# Compile Architecture "IF_ID_reg" of Entity "IF_ID_reg"
# File: C:/Users/Seyi Olajuyi/Documents/Courses/ESE345/Projec/System_2/System_2/src/Instruct_Buffer.vhd
# Compile Entity "Instruct_Buffer"
# Compile Architecture "Instruct_Buffer" of Entity "Instruct_Buffer"
# File: C:/Users/Seyi Olajuyi/Documents/Courses/ESE345/Projec/System_2/System_2/src/instruct_fetch.vhd
# Compile Entity "instruct_fetch"
# Compile Architecture "structural" of Entity "instruct_fetch"
# File: C:/Users/Seyi Olajuyi/Documents/Courses/ESE345/Projec/System_2/System_2/src/Program_Counter.vhd
# Compile Entity "Program_Counter"
# Compile Architecture "Program_Counter" of Entity "Program_Counter"
# File: C:/Users/Seyi Olajuyi/Documents/Courses/ESE345/Projec/System_2/System_2/src/register_file.vhd
# Compile Entity "register_file"
# Compile Architecture "behavioral" of Entity "register_file"
# File: C:/Users/Seyi Olajuyi/Documents/Courses/ESE345/Projec/System_2/System_2/src/System.vhd
# Compile Entity "System"
# Compile Architecture "structural" of Entity "System"
# File: C:/Users/Seyi Olajuyi/Documents/Courses/ESE345/Projec/System_2/System_2/src/System_tb.vhd
# Compile Entity "System_tb"
# Compile Architecture "System_tb" of Entity "System_tb"
# Compile success 0 Errors 0 Warnings  Analysis time :  0.7 [s]
# CODE2GRAPHICS: Checking success 0 Errors 0 Warnings  Analysis time :  94.0 [ms]
# CODE2GRAPHICS: Diagram file(s) generation completed in 1.2 seconds.
# CODE2GRAPHICS: One unit converted to a Block Diagram.
# CODE2GRAPHICS: Double click on this line to view the generated log file.
acom -dbg -e 100 -work System_2 -2018  "$dsn/src/System - Copy.vhd"
# File: C:/Users/Seyi Olajuyi/Documents/Courses/ESE345/Projec/System_2/System_2/src/System - Copy.vhd
# Compile Entity "System"
# Compile Architecture "structural" of Entity "System"
# Compile success 0 Errors 0 Warnings  Analysis time :  31.0 [ms]
# CODE2GRAPHICS: Error: Identifier expected.
# CODE2GRAPHICS: Error: The primary and the secondary unit must be compiled using the same language version (-93/-2002/-2008/-2018).
# CODE2GRAPHICS: Error: Cannot find referenced entity declaration "System".
# CODE2GRAPHICS: Error: Checking failure 3 Errors 0 Warnings  Analysis time :  0.1 [s]
# CODE2GRAPHICS: Error: Error during analyzing.
# CODE2GRAPHICS: Error: Problems (3) have been encountered during conversion.
# CODE2GRAPHICS: Error: Interface files were not generated from some files.
# CODE2GRAPHICS: Warning: Diagrams were not generated from some files.
# CODE2GRAPHICS: Error: Double click on this line to view the generated log file.
acom -dbg -e 100 -work System_2 -2018  "$dsn/src/System - Copy.vhd"
# File: C:/Users/Seyi Olajuyi/Documents/Courses/ESE345/Projec/System_2/System_2/src/System - Copy.vhd
# Compile Entity "System"
# Compile Architecture "structural" of Entity "System"
# Compile success 0 Errors 0 Warnings  Analysis time :  16.0 [ms]
acom -dbg -e 100 -work System_2 -2018  $dsn/src/ALU.vhd $dsn/src/data_forward.vhd $dsn/src/EX_WB_Reg.vhd $dsn/src/forward_mux.vhd $dsn/src/ID_EX_Reg.vhd $dsn/src/IF_ID_reg.vhd $dsn/src/Instruct_Buffer.vhd $dsn/src/instruct_fetch.vhd $dsn/src/Program_Counter.vhd $dsn/src/register_file.vhd $dsn/src/System_tb.vhd $dsn/src/System.vhd "$dsn/src/System - Copy.vhd"
# File: C:/Users/Seyi Olajuyi/Documents/Courses/ESE345/Projec/System_2/System_2/src/ALU.vhd
# Compile Entity "ALU"
# Compile Architecture "ALU" of Entity "ALU"
# File: C:/Users/Seyi Olajuyi/Documents/Courses/ESE345/Projec/System_2/System_2/src/data_forward.vhd
# Compile Entity "data_forward"
# Compile Architecture "data_forward" of Entity "data_forward"
# File: C:/Users/Seyi Olajuyi/Documents/Courses/ESE345/Projec/System_2/System_2/src/EX_WB_Reg.vhd
# Compile Entity "EX_WB_Reg"
# Compile Architecture "EX_WB_Reg" of Entity "EX_WB_Reg"
# File: C:/Users/Seyi Olajuyi/Documents/Courses/ESE345/Projec/System_2/System_2/src/forward_mux.vhd
# Compile Entity "forward_mux"
# Compile Architecture "forward_mux" of Entity "forward_mux"
# File: C:/Users/Seyi Olajuyi/Documents/Courses/ESE345/Projec/System_2/System_2/src/ID_EX_Reg.vhd
# Compile Entity "ID_EX_Reg"
# Compile Architecture "ID_EX_Reg" of Entity "ID_EX_Reg"
# File: C:/Users/Seyi Olajuyi/Documents/Courses/ESE345/Projec/System_2/System_2/src/IF_ID_reg.vhd
# Compile Entity "IF_ID_reg"
# Compile Architecture "IF_ID_reg" of Entity "IF_ID_reg"
# File: C:/Users/Seyi Olajuyi/Documents/Courses/ESE345/Projec/System_2/System_2/src/Instruct_Buffer.vhd
# Compile Entity "Instruct_Buffer"
# Compile Architecture "Instruct_Buffer" of Entity "Instruct_Buffer"
# File: C:/Users/Seyi Olajuyi/Documents/Courses/ESE345/Projec/System_2/System_2/src/instruct_fetch.vhd
# Compile Entity "instruct_fetch"
# Compile Architecture "structural" of Entity "instruct_fetch"
# File: C:/Users/Seyi Olajuyi/Documents/Courses/ESE345/Projec/System_2/System_2/src/Program_Counter.vhd
# Compile Entity "Program_Counter"
# Compile Architecture "Program_Counter" of Entity "Program_Counter"
# File: C:/Users/Seyi Olajuyi/Documents/Courses/ESE345/Projec/System_2/System_2/src/register_file.vhd
# Compile Entity "register_file"
# Compile Architecture "behavioral" of Entity "register_file"
# File: C:/Users/Seyi Olajuyi/Documents/Courses/ESE345/Projec/System_2/System_2/src/System_tb.vhd
# Compile Entity "System_tb"
# Compile Architecture "System_tb" of Entity "System_tb"
# Error: COMP96_0078: System_tb.vhd : (101, 3): Unknown identifier "Out_Instruct".
# Error: COMP96_0078: System_tb.vhd : (102, 3): Unknown identifier "In_RegFile".
# Error: COMP96_0078: System_tb.vhd : (103, 3): Unknown identifier "Out_RegFile_R1".
# Error: COMP96_0078: System_tb.vhd : (104, 3): Unknown identifier "Out_RegFile_R2".
# Error: COMP96_0078: System_tb.vhd : (105, 3): Unknown identifier "Out_RegFile_R3".
# Error: COMP96_0078: System_tb.vhd : (106, 3): Unknown identifier "Out_RegFile_RSel1".
# Error: COMP96_0078: System_tb.vhd : (107, 3): Unknown identifier "Out_RegFile_RSel2".
# Error: COMP96_0078: System_tb.vhd : (108, 3): Unknown identifier "Out_RegFile_RSel3".
# Error: COMP96_0078: System_tb.vhd : (109, 3): Unknown identifier "Out_RegFile_RSelD".
# Error: COMP96_0078: System_tb.vhd : (110, 3): Unknown identifier "Out_RegFile_ALU_Ctrl".
# Error: COMP96_0078: System_tb.vhd : (111, 3): Unknown identifier "Out_DataForward_Rd".
# Error: COMP96_0078: System_tb.vhd : (112, 3): Unknown identifier "Out_DataForward_MuxSel".
# Error: COMP96_0078: System_tb.vhd : (113, 3): Unknown identifier "In_ALU_R1".
# Error: COMP96_0078: System_tb.vhd : (114, 3): Unknown identifier "In_ALU_R2".
# Error: COMP96_0078: System_tb.vhd : (115, 3): Unknown identifier "In_ALU_R3".
# Error: COMP96_0078: System_tb.vhd : (116, 3): Unknown identifier "In_ALU_Ctrl".
# Error: COMP96_0078: System_tb.vhd : (117, 3): Unknown identifier "In_ALU_RDest".
# Error: COMP96_0078: System_tb.vhd : (118, 3): Unknown identifier "Out_ALU_RD".
# Error: COMP96_0078: System_tb.vhd : (119, 3): Unknown identifier "Out_ALU_RDest".
# Error: COMP96_0078: System_tb.vhd : (120, 3): Unknown identifier "Out_ALU_Valid".
# Error: COMP96_0078: System_tb.vhd : (121, 3): Unknown identifier "Out_WB_Value".
# Error: COMP96_0078: System_tb.vhd : (122, 3): Unknown identifier "Out_WB_RDest".
# Error: COMP96_0078: System_tb.vhd : (123, 3): Unknown identifier "Out_WB_RWrite".
# Error: COMP96_0133: System_tb.vhd : (101, 3): Cannot find object declaration.
# Error: COMP96_0112: System_tb.vhd : (101, 3): "Out_Instruct" does not match the formal name.
# File: C:/Users/Seyi Olajuyi/Documents/Courses/ESE345/Projec/System_2/System_2/src/System.vhd
# Compile Entity "System"
# Compile Architecture "structural" of Entity "System"
# File: C:/Users/Seyi Olajuyi/Documents/Courses/ESE345/Projec/System_2/System_2/src/System - Copy.vhd
# Compile Entity "System"
# Warning: COMP96_0994: System - Copy.vhd : (31, 1): Multiple entity "System" found in "C:/Users/Seyi Olajuyi/Documents/Courses/ESE345/Projec/System_2/System_2/src/System - Copy.vhd", "C:/Users/Seyi Olajuyi/Documents/Courses/ESE345/Projec/System_2/System_2/src/System.vhd".
# Compile Architecture "structural" of Entity "System"
# Warning: COMP96_0994: System - Copy.vhd : (46, 1): Multiple architecture "structural" of entity "System" found in "C:/Users/Seyi Olajuyi/Documents/Courses/ESE345/Projec/System_2/System_2/src/System - Copy.vhd", "C:/Users/Seyi Olajuyi/Documents/Courses/ESE345/Projec/System_2/System_2/src/System.vhd".
# Compile failure 25 Errors 2 Warnings  Analysis time :  0.5 [s]
acom -dbg -e 100 -work System_2 -2018  $dsn/src/ALU.vhd $dsn/src/data_forward.vhd $dsn/src/EX_WB_Reg.vhd $dsn/src/forward_mux.vhd $dsn/src/ID_EX_Reg.vhd $dsn/src/IF_ID_reg.vhd $dsn/src/Instruct_Buffer.vhd $dsn/src/instruct_fetch.vhd $dsn/src/Program_Counter.vhd $dsn/src/register_file.vhd $dsn/src/System_tb.vhd $dsn/src/System.vhd "$dsn/src/System - Copy.vhd"
# File: C:/Users/Seyi Olajuyi/Documents/Courses/ESE345/Projec/System_2/System_2/src/ALU.vhd
# Compile Entity "ALU"
# Compile Architecture "ALU" of Entity "ALU"
# File: C:/Users/Seyi Olajuyi/Documents/Courses/ESE345/Projec/System_2/System_2/src/data_forward.vhd
# Compile Entity "data_forward"
# Compile Architecture "data_forward" of Entity "data_forward"
# File: C:/Users/Seyi Olajuyi/Documents/Courses/ESE345/Projec/System_2/System_2/src/EX_WB_Reg.vhd
# Compile Entity "EX_WB_Reg"
# Compile Architecture "EX_WB_Reg" of Entity "EX_WB_Reg"
# File: C:/Users/Seyi Olajuyi/Documents/Courses/ESE345/Projec/System_2/System_2/src/forward_mux.vhd
# Compile Entity "forward_mux"
# Compile Architecture "forward_mux" of Entity "forward_mux"
# File: C:/Users/Seyi Olajuyi/Documents/Courses/ESE345/Projec/System_2/System_2/src/ID_EX_Reg.vhd
# Compile Entity "ID_EX_Reg"
# Compile Architecture "ID_EX_Reg" of Entity "ID_EX_Reg"
# File: C:/Users/Seyi Olajuyi/Documents/Courses/ESE345/Projec/System_2/System_2/src/IF_ID_reg.vhd
# Compile Entity "IF_ID_reg"
# Compile Architecture "IF_ID_reg" of Entity "IF_ID_reg"
# File: C:/Users/Seyi Olajuyi/Documents/Courses/ESE345/Projec/System_2/System_2/src/Instruct_Buffer.vhd
# Compile Entity "Instruct_Buffer"
# Compile Architecture "Instruct_Buffer" of Entity "Instruct_Buffer"
# File: C:/Users/Seyi Olajuyi/Documents/Courses/ESE345/Projec/System_2/System_2/src/instruct_fetch.vhd
# Compile Entity "instruct_fetch"
# Compile Architecture "structural" of Entity "instruct_fetch"
# File: C:/Users/Seyi Olajuyi/Documents/Courses/ESE345/Projec/System_2/System_2/src/Program_Counter.vhd
# Compile Entity "Program_Counter"
# Compile Architecture "Program_Counter" of Entity "Program_Counter"
# File: C:/Users/Seyi Olajuyi/Documents/Courses/ESE345/Projec/System_2/System_2/src/register_file.vhd
# Compile Entity "register_file"
# Compile Architecture "behavioral" of Entity "register_file"
# File: C:/Users/Seyi Olajuyi/Documents/Courses/ESE345/Projec/System_2/System_2/src/System_tb.vhd
# Compile Entity "System_tb"
# Compile Architecture "System_tb" of Entity "System_tb"
# Error: COMP96_0078: System_tb.vhd : (101, 3): Unknown identifier "Out_Instruct".
# Error: COMP96_0078: System_tb.vhd : (102, 3): Unknown identifier "In_RegFile".
# Error: COMP96_0078: System_tb.vhd : (103, 3): Unknown identifier "Out_RegFile_R1".
# Error: COMP96_0078: System_tb.vhd : (104, 3): Unknown identifier "Out_RegFile_R2".
# Error: COMP96_0078: System_tb.vhd : (105, 3): Unknown identifier "Out_RegFile_R3".
# Error: COMP96_0078: System_tb.vhd : (106, 3): Unknown identifier "Out_RegFile_RSel1".
# Error: COMP96_0078: System_tb.vhd : (107, 3): Unknown identifier "Out_RegFile_RSel2".
# Error: COMP96_0078: System_tb.vhd : (108, 3): Unknown identifier "Out_RegFile_RSel3".
# Error: COMP96_0078: System_tb.vhd : (109, 3): Unknown identifier "Out_RegFile_RSelD".
# Error: COMP96_0078: System_tb.vhd : (110, 3): Unknown identifier "Out_RegFile_ALU_Ctrl".
# Error: COMP96_0078: System_tb.vhd : (111, 3): Unknown identifier "Out_DataForward_Rd".
# Error: COMP96_0078: System_tb.vhd : (112, 3): Unknown identifier "Out_DataForward_MuxSel".
# Error: COMP96_0078: System_tb.vhd : (113, 3): Unknown identifier "In_ALU_R1".
# Error: COMP96_0078: System_tb.vhd : (114, 3): Unknown identifier "In_ALU_R2".
# Error: COMP96_0078: System_tb.vhd : (115, 3): Unknown identifier "In_ALU_R3".
# Error: COMP96_0078: System_tb.vhd : (116, 3): Unknown identifier "In_ALU_Ctrl".
# Error: COMP96_0078: System_tb.vhd : (117, 3): Unknown identifier "In_ALU_RDest".
# Error: COMP96_0078: System_tb.vhd : (118, 3): Unknown identifier "Out_ALU_RD".
# Error: COMP96_0078: System_tb.vhd : (119, 3): Unknown identifier "Out_ALU_RDest".
# Error: COMP96_0078: System_tb.vhd : (120, 3): Unknown identifier "Out_ALU_Valid".
# Error: COMP96_0078: System_tb.vhd : (121, 3): Unknown identifier "Out_WB_Value".
# Error: COMP96_0078: System_tb.vhd : (122, 3): Unknown identifier "Out_WB_RDest".
# Error: COMP96_0078: System_tb.vhd : (123, 3): Unknown identifier "Out_WB_RWrite".
# Error: COMP96_0133: System_tb.vhd : (101, 3): Cannot find object declaration.
# Error: COMP96_0112: System_tb.vhd : (101, 3): "Out_Instruct" does not match the formal name.
# File: C:/Users/Seyi Olajuyi/Documents/Courses/ESE345/Projec/System_2/System_2/src/System.vhd
# Compile Entity "System"
# Compile Architecture "structural" of Entity "System"
# File: C:/Users/Seyi Olajuyi/Documents/Courses/ESE345/Projec/System_2/System_2/src/System - Copy.vhd
# Compile Entity "System_copy"
# Compile Architecture "structural" of Entity "System_copy"
# Compile failure 25 Errors 0 Warnings  Analysis time :  0.4 [s]
acom -dbg -e 100 -work System_2 -2018  $dsn/src/System_tb.vhd
# File: C:/Users/Seyi Olajuyi/Documents/Courses/ESE345/Projec/System_2/System_2/src/System_tb.vhd
# Compile Entity "System_tb"
# Compile Architecture "System_tb" of Entity "System_tb"
# Compile success 0 Errors 0 Warnings  Analysis time :  78.0 [ms]
# CODE2GRAPHICS: Checking success 0 Errors 0 Warnings  Analysis time :  78.0 [ms]
# CODE2GRAPHICS: Diagram file(s) generation completed in 0.4 seconds.
# CODE2GRAPHICS: One unit converted to a Block Diagram.
# CODE2GRAPHICS: Double click on this line to view the generated log file.
