Active-HDL 11.1.262.7351 2020-11-25 18:19:41

Elaboration top modules:
Architecture                  Program_Counter(Program_Counter)


--------------------------------------------------------------------------------------------------------------
Entity          | Architecture    | Library            | Info | Compiler Version        | Compilation Options
--------------------------------------------------------------------------------------------------------------
Program_Counter | Program_Counter | instruction_buffer |      | 11.1.262.7351 (Windows) | -dbg -2018
--------------------------------------------------------------------------------------------------------------

--------------------------------------------------------------------------------------------------------------
VHDL Package                      | Library            | Info | Compiler Version        | Compilation Options
--------------------------------------------------------------------------------------------------------------
standard                          | std                |      |                         | <unavailable>
TEXTIO                            | std                |      |                         | <unavailable>
std_logic_1164                    | ieee               |      |                         | <unavailable>
NUMERIC_STD                       | ieee               |      |                         | <unavailable>
--------------------------------------------------------------------------------------------------------------

--------------------------------------------------------------------------------------------------------------
Library                           | Comment
--------------------------------------------------------------------------------------------------------------
ieee                              | Standard IEEE packages library
instruction_buffer                | None
std                               | Standard VHDL library
--------------------------------------------------------------------------------------------------------------


Simulation Options: asim -O5 +access +r +m+Program_Counter Program_Counter Program_Counter


The performance of simulation is reduced. Version Student Edition
