Active-HDL 11.1.262.7351 2020-11-30 13:46:59

Elaboration top modules:
Architecture                  EX_WB_Reg_tb(EX_WB_Reg_tb)


----------------------------------------------------------------------------------------------------
Entity       | Architecture | Library        | Info | Compiler Version        | Compilation Options
----------------------------------------------------------------------------------------------------
EX_WB_Reg_tb | EX_WB_Reg_tb | ex_wb_register |      | 11.1.262.7351 (Windows) | -dbg -2018
EX_WB_Reg    | EX_WB_Reg    | ex_wb_register |      | 11.1.262.7351 (Windows) | -dbg -2018
----------------------------------------------------------------------------------------------------

----------------------------------------------------------------------------------------------------
VHDL Package                | Library        | Info | Compiler Version        | Compilation Options
----------------------------------------------------------------------------------------------------
standard                    | std            |      |                         | <unavailable>
TEXTIO                      | std            |      |                         | <unavailable>
std_logic_1164              | ieee           |      |                         | <unavailable>
NUMERIC_STD                 | ieee           |      |                         | <unavailable>
----------------------------------------------------------------------------------------------------

----------------------------------------------------------------------------------------------------
Library                     | Comment
----------------------------------------------------------------------------------------------------
ex_wb_register              | None
ieee                        | Standard IEEE packages library
std                         | Standard VHDL library
----------------------------------------------------------------------------------------------------
