Active-HDL 11.1.262.7351 2020-11-26 17:31:59

Elaboration top modules:
Architecture                  ID_EX_Reg(ID_EX_Reg)


-------------------------------------------------------------------------------------------------
Entity    | Architecture | Library        | Info | Compiler Version        | Compilation Options
-------------------------------------------------------------------------------------------------
ID_EX_Reg | ID_EX_Reg    | id_ex_register |      | 11.1.262.7351 (Windows) | -O3
-------------------------------------------------------------------------------------------------

-------------------------------------------------------------------------------------------------
VHDL Package             | Library        | Info | Compiler Version        | Compilation Options
-------------------------------------------------------------------------------------------------
standard                 | std            |      |                         | <unavailable>
TEXTIO                   | std            |      |                         | <unavailable>
std_logic_1164           | ieee           |      |                         | <unavailable>
-------------------------------------------------------------------------------------------------

-------------------------------------------------------------------------------------------------
Library                  | Comment
-------------------------------------------------------------------------------------------------
id_ex_register           | None
ieee                     | Standard IEEE packages library
std                      | Standard VHDL library
-------------------------------------------------------------------------------------------------
