Active-HDL 11.1.262.7351 2020-11-30 13:55:53

Elaboration top modules:
Architecture                  forward_mux_tb(forward_mux_tb)


-----------------------------------------------------------------------------------------------------
Entity         | Architecture   | Library     | Info | Compiler Version        | Compilation Options
-----------------------------------------------------------------------------------------------------
forward_mux_tb | forward_mux_tb | forward_mux |      | 11.1.262.7351 (Windows) | -O3
forward_mux    | forward_mux    | forward_mux |      | 11.1.262.7351 (Windows) | -O3
-----------------------------------------------------------------------------------------------------

-----------------------------------------------------------------------------------------------------
VHDL Package                    | Library     | Info | Compiler Version        | Compilation Options
-----------------------------------------------------------------------------------------------------
standard                        | std         |      |                         | <unavailable>
TEXTIO                          | std         |      |                         | <unavailable>
std_logic_1164                  | ieee        |      |                         | <unavailable>
NUMERIC_STD                     | ieee        |      |                         | <unavailable>
-----------------------------------------------------------------------------------------------------

-----------------------------------------------------------------------------------------------------
Library                         | Comment
-----------------------------------------------------------------------------------------------------
forward_mux                     | None
ieee                            | Standard IEEE packages library
std                             | Standard VHDL library
-----------------------------------------------------------------------------------------------------


Simulation Options: asim -O5 +access +r +m+forward_mux_tb forward_mux_tb forward_mux_tb


The performance of simulation is reduced. Version Student Edition
