# Design: Design Data_forward already active.
# DESIGN: Default Design Language: VHDL
# DESIGN: Default BDE Language: VHDL
# DESIGN: C-Synthesis: Not Defined
# DESIGN: HDL Synthesis: Not Defined
# DESIGN: Physical Synthesis: Not Defined
# DESIGN: Implementation: Not Defined
acom -reorder -dbg -e 100 -work Data_forward -2018  $dsn/src/data_forward.vhd
# File: C:/Users/Seyi Olajuyi/Documents/Courses/ESE345/Projec/Data_Forwarding/Data_forward/src/data_forward.vhd
# Compile Entity "data_forward"
# Compile Architecture "data_forward" of Entity "data_forward"
# Error: COMP96_0329: data_forward.vhd : (46, 2): Generate statement must have a label.
# Error: COMP96_0019: data_forward.vhd : (46, 29): Keyword 'generate' expected.
# Error: COMP96_0019: data_forward.vhd : (49, 2): Keyword 'end' expected.
# Error: COMP96_0016: data_forward.vhd : (49, 8): Design unit declaration expected.
# Compile failure 4 Errors 0 Warnings  Analysis time :  47.0 [ms]
acom -dbg -e 100 -work Data_forward -2018  $dsn/src/data_forward.vhd
# File: C:/Users/Seyi Olajuyi/Documents/Courses/ESE345/Projec/Data_Forwarding/Data_forward/src/data_forward.vhd
# Compile Entity "data_forward"
# Compile Architecture "data_forward" of Entity "data_forward"
# Compile success 0 Errors 0 Warnings  Analysis time :  46.0 [ms]
# ELBREAD: Elaboration process.
# ELBREAD: Elaboration time 0.0 [s].
# ELBREAD: Elaboration process.
# ELBREAD: Elaboration time 0.0 [s].
asim -O5 +access +r +m+data_forward data_forward data_forward
# ELBREAD: Elaboration process.
# ELBREAD: Elaboration time 0.0 [s].
# VSIM: Stack memory: 32MB
# VSIM: Retval memory: 32MB
# 
# KERNEL: Main thread initiated.
# KERNEL: Kernel process initialization phase.
# ELAB2: Elaboration final pass...
# ELAB2: Create instances ...
# KERNEL: Time resolution set to 1ps.
# ELAB2: Create instances complete.
# SLP: Started
# SLP: Elaboration phase ...
# SLP: Elaboration phase ... skipped, nothing to simulate in SLP mode : 0.0 [s]
# SLP: Finished : 0.0 [s]
# ELAB2: Elaboration final pass complete - time: 0.0 [s].
# KERNEL: Warning: You are using the Active-HDL Student Edition. The performance of simulation is running at a reduced rate.
# KERNEL: Warning: Contact Aldec for available upgrade options - sales@aldec.com.
# KERNEL: Kernel process initialization done.
# Allocation: Simulator allocated 6195 kB (elbread=1280 elab2=4777 kernel=138 sdf=0)
# KERNEL: ASDB file was created in location C:\Users\Seyi Olajuyi\Documents\Courses\ESE345\Projec\Data_Forwarding\Data_forward\src\wave.asdb
#  10:54 PM, Wednesday, November 25, 2020
#  Simulation has been initialized
# add wave -noreg {/data_forward/Out_Value}
# add wave -noreg {/data_forward/WriteMode}
# add wave -noreg {/data_forward/In_Value}
# add wave -noreg {/data_forward/In_reg_num}
# add wave -noreg {/data_forward/reg1_num}
# add wave -noreg {/data_forward/reg2_num}
# add wave -noreg {/data_forward/reg3_num}
# 7 signal(s) traced.
# Waveform file 'untitled.awc' connected to 'C:/Users/Seyi Olajuyi/Documents/Courses/ESE345/Projec/Data_Forwarding/Data_forward/src/wave.asdb'.
endsim
# VSIM: Simulation has finished.
acom -dbg -e 100 -work Data_forward -2018  $dsn/src/data_forward.vhd
# File: C:/Users/Seyi Olajuyi/Documents/Courses/ESE345/Projec/Data_Forwarding/Data_forward/src/data_forward.vhd
# Compile Entity "data_forward"
# Compile Architecture "data_forward" of Entity "data_forward"
# Compile success 0 Errors 0 Warnings  Analysis time :  47.0 [ms]
asim -O5 +access +r +m+data_forward data_forward data_forward
# ELBREAD: Elaboration process.
# ELBREAD: Elaboration time 0.0 [s].
# VSIM: Stack memory: 32MB
# VSIM: Retval memory: 32MB
# 
# KERNEL: Main thread initiated.
# KERNEL: Kernel process initialization phase.
# ELAB2: Elaboration final pass...
# ELAB2: Create instances ...
# KERNEL: Time resolution set to 1ps.
# ELAB2: Create instances complete.
# SLP: Started
# SLP: Elaboration phase ...
# SLP: Elaboration phase ... skipped, nothing to simulate in SLP mode : 0.0 [s]
# SLP: Finished : 0.0 [s]
# ELAB2: Elaboration final pass complete - time: 0.0 [s].
# KERNEL: Warning: You are using the Active-HDL Student Edition. The performance of simulation is running at a reduced rate.
# KERNEL: Warning: Contact Aldec for available upgrade options - sales@aldec.com.
# KERNEL: Kernel process initialization done.
# Allocation: Simulator allocated 6196 kB (elbread=1280 elab2=4777 kernel=138 sdf=0)
# KERNEL: ASDB file was created in location C:\Users\Seyi Olajuyi\Documents\Courses\ESE345\Projec\Data_Forwarding\Data_forward\src\wave.asdb
#  10:56 PM, Wednesday, November 25, 2020
#  Simulation has been initialized
# Waveform file 'untitled.awc' connected to 'C:/Users/Seyi Olajuyi/Documents/Courses/ESE345/Projec/Data_Forwarding/Data_forward/src/wave.asdb'.
run 100 ns
# KERNEL: stopped at time: 100 ns
# KERNEL: Simulation has finished. There are no more test vectors to simulate.
run 100 ns
# KERNEL: stopped at time: 200 ns
# KERNEL: Simulation has finished. There are no more test vectors to simulate.
endsim
# VSIM: Simulation has finished.
