# ELBREAD: Elaboration process.
# ELBREAD: Elaboration time 0.0 [s].
# Design Explorer: Shortcut to "C:\Users\Seyi Olajuyi\Documents\Courses\ESE345\Projec\Forwarding_Mux\Forwarding_Mux.aws" workspace added.
acom -O3 -e 100 -work forward_mux -2002  $dsn/src/forward_mux_tb.vhd
# Warning: DAGGEN_0523: The source is compiled without the -dbg switch. Line breakpoints and assertion debug will not be available.
# File: C:/Users/Seyi Olajuyi/Documents/Courses/ESE345/Projec/Forwarding_Mux/forward_mux/src/forward_mux_tb.vhd
# Compile Entity "forward_mux_tb"
# Compile Architecture "forward_mux_tb" of Entity "forward_mux_tb"
# Error: COMP96_0078: forward_mux_tb.vhd : (35, 17): Unknown identifier "STD_LOGIC_VECTOR".
# Error: COMP96_0064: forward_mux_tb.vhd : (35, 17): Unknown type.
# Error: COMP96_0078: forward_mux_tb.vhd : (36, 17): Unknown identifier "STD_LOGIC_VECTOR".
# Error: COMP96_0064: forward_mux_tb.vhd : (36, 17): Unknown type.
# Error: COMP96_0078: forward_mux_tb.vhd : (37, 17): Unknown identifier "STD_LOGIC_VECTOR".
# Error: COMP96_0064: forward_mux_tb.vhd : (37, 17): Unknown type.
# Error: COMP96_0078: forward_mux_tb.vhd : (38, 19): Unknown identifier "STD_LOGIC_VECTOR".
# Error: COMP96_0064: forward_mux_tb.vhd : (38, 19): Unknown type.
# Error: COMP96_0078: forward_mux_tb.vhd : (39, 23): Unknown identifier "STD_LOGIC_VECTOR".
# Error: COMP96_0064: forward_mux_tb.vhd : (39, 23): Unknown type.
# Error: COMP96_0078: forward_mux_tb.vhd : (40, 27): Unknown identifier "STD_LOGIC_VECTOR".
# Error: COMP96_0064: forward_mux_tb.vhd : (40, 27): Unknown type.
# Error: COMP96_0078: forward_mux_tb.vhd : (44, 21): Unknown identifier "STD_LOGIC_VECTOR".
# Error: COMP96_0064: forward_mux_tb.vhd : (44, 21): Unknown type.
# Error: COMP96_0078: forward_mux_tb.vhd : (45, 21): Unknown identifier "STD_LOGIC_VECTOR".
# Error: COMP96_0064: forward_mux_tb.vhd : (45, 21): Unknown type.
# Error: COMP96_0078: forward_mux_tb.vhd : (46, 21): Unknown identifier "STD_LOGIC_VECTOR".
# Error: COMP96_0064: forward_mux_tb.vhd : (46, 21): Unknown type.
# Error: COMP96_0078: forward_mux_tb.vhd : (47, 28): Unknown identifier "STD_LOGIC_VECTOR".
# Error: COMP96_0064: forward_mux_tb.vhd : (47, 28): Unknown type.
# Error: COMP96_0078: forward_mux_tb.vhd : (53, 14): Unknown identifier "forward_mux".
# Error: COMP96_0056: forward_mux_tb.vhd : (53, 14): Cannot find referenced entity declaration "forward_mux".
# Error: COMP96_0055: forward_mux_tb.vhd : (53, 14): Cannot find context item "forward_mux".
# Error: COMP96_0078: forward_mux_tb.vhd : (68, 21): Unknown identifier "STD_LOGIC_VECTOR".
# Error: COMP96_0064: forward_mux_tb.vhd : (68, 21): Unknown type.
# Error: COMP96_0078: forward_mux_tb.vhd : (72, 15): Unknown identifier "STD_LOGIC_VECTOR".
# Error: COMP96_0078: forward_mux_tb.vhd : (72, 32): Unknown identifier "TO_UNSIGNED".
# Error: COMP96_0133: forward_mux_tb.vhd : (72, 32): Cannot find object declaration.
# Error: COMP96_0078: forward_mux_tb.vhd : (86, 14): Unknown identifier "STD_LOGIC_VECTOR".
# Error: COMP96_0078: forward_mux_tb.vhd : (86, 31): Unknown identifier "TO_UNSIGNED".
# Error: COMP96_0133: forward_mux_tb.vhd : (86, 31): Cannot find object declaration.
# Error: COMP96_0078: forward_mux_tb.vhd : (96, 14): Unknown identifier "STD_LOGIC_VECTOR".
# Error: COMP96_0078: forward_mux_tb.vhd : (96, 31): Unknown identifier "TO_UNSIGNED".
# Error: COMP96_0133: forward_mux_tb.vhd : (96, 31): Cannot find object declaration.
# Error: COMP96_0078: forward_mux_tb.vhd : (106, 14): Unknown identifier "STD_LOGIC_VECTOR".
# Error: COMP96_0078: forward_mux_tb.vhd : (106, 31): Unknown identifier "TO_UNSIGNED".
# Error: COMP96_0133: forward_mux_tb.vhd : (106, 31): Cannot find object declaration.
# Compile failure 37 Errors 0 Warnings  Analysis time :  78.0 [ms]
acom -O3 -e 100 -work forward_mux -2002  $dsn/src/forward_mux_tb.vhd
# Warning: DAGGEN_0523: The source is compiled without the -dbg switch. Line breakpoints and assertion debug will not be available.
# File: C:/Users/Seyi Olajuyi/Documents/Courses/ESE345/Projec/Forwarding_Mux/forward_mux/src/forward_mux_tb.vhd
# Compile Entity "forward_mux_tb"
# Compile Architecture "forward_mux_tb" of Entity "forward_mux_tb"
# Error: COMP96_0078: forward_mux_tb.vhd : (60, 3): Unknown identifier "rs1_m".
# Error: COMP96_0078: forward_mux_tb.vhd : (61, 3): Unknown identifier "rs2_m".
# Error: COMP96_0078: forward_mux_tb.vhd : (62, 3): Unknown identifier "rs3_m".
# Error: COMP96_0078: forward_mux_tb.vhd : (63, 3): Unknown identifier "forward".
# Error: COMP96_0078: forward_mux_tb.vhd : (65, 3): Unknown identifier "ALU_instruct_in".
# Error: COMP96_0078: forward_mux_tb.vhd : (66, 3): Unknown identifier "rs1_out_m".
# Error: COMP96_0078: forward_mux_tb.vhd : (67, 3): Unknown identifier "rs2_out_m".
# Error: COMP96_0078: forward_mux_tb.vhd : (68, 3): Unknown identifier "rs3_out_m".
# Error: COMP96_0078: forward_mux_tb.vhd : (69, 3): Unknown identifier "ALU_instruct_out".
# Error: COMP96_0133: forward_mux_tb.vhd : (60, 3): Cannot find object declaration.
# Error: COMP96_0112: forward_mux_tb.vhd : (60, 3): "rs1_m" does not match the formal name.
# Error: COMP96_0207: forward_mux_tb.vhd : (59, 2): No actual specified for local port "rs1".
# Error: COMP96_0207: forward_mux_tb.vhd : (59, 2): No actual specified for local port "rs2".
# Error: COMP96_0207: forward_mux_tb.vhd : (59, 2): No actual specified for local port "rs3".
# Error: COMP96_0207: forward_mux_tb.vhd : (59, 2): No actual specified for local port "WriteMode".
# Error: COMP96_0207: forward_mux_tb.vhd : (59, 2): No actual specified for local port "WriteValue".
# Compile failure 16 Errors 0 Warnings  Analysis time :  46.0 [ms]
acom -O3 -e 100 -work forward_mux -2002  $dsn/src/forward_mux.vhd
# Warning: DAGGEN_0523: The source is compiled without the -dbg switch. Line breakpoints and assertion debug will not be available.
# File: C:/Users/Seyi Olajuyi/Documents/Courses/ESE345/Projec/Forwarding_Mux/forward_mux/src/forward_mux.vhd
# Compile Entity "forward_mux"
# Compile Architecture "forward_mux" of Entity "forward_mux"
# Compile success 0 Errors 0 Warnings  Analysis time :  63.0 [ms]
acom -O3 -e 100 -work forward_mux -2002  $dsn/src/forward_mux_tb.vhd
# Warning: DAGGEN_0523: The source is compiled without the -dbg switch. Line breakpoints and assertion debug will not be available.
# File: C:/Users/Seyi Olajuyi/Documents/Courses/ESE345/Projec/Forwarding_Mux/forward_mux/src/forward_mux_tb.vhd
# Compile Entity "forward_mux_tb"
# Compile Architecture "forward_mux_tb" of Entity "forward_mux_tb"
# Compile success 0 Errors 0 Warnings  Analysis time :  63.0 [ms]
asim -O5 +access +r +m+forward_mux forward_mux forward_mux
# ELBREAD: Elaboration process.
# ELBREAD: Elaboration time 0.0 [s].
# VSIM: Stack memory: 32MB
# VSIM: Retval memory: 32MB
# 
# KERNEL: Main thread initiated.
# KERNEL: Kernel process initialization phase.
# ELAB2: Elaboration final pass...
# ELAB2: Create instances ...
# KERNEL: Time resolution set to 1ps.
# ELAB2: Create instances complete.
# SLP: Started
# SLP: Elaboration phase ...
# SLP: Elaboration phase ... skipped, nothing to simulate in SLP mode : 0.0 [s]
# SLP: Finished : 0.0 [s]
# ELAB2: Elaboration final pass complete - time: 0.0 [s].
# KERNEL: Warning: You are using the Active-HDL Student Edition. The performance of simulation is running at a reduced rate.
# KERNEL: Warning: Contact Aldec for available upgrade options - sales@aldec.com.
# KERNEL: Kernel process initialization done.
# Allocation: Simulator allocated 6175 kB (elbread=1280 elab2=4757 kernel=137 sdf=0)
# KERNEL: ASDB file was created in location C:\Users\Seyi Olajuyi\Documents\Courses\ESE345\Projec\Forwarding_Mux\forward_mux\src\wave.asdb
#  1:54 PM, Monday, November 30, 2020
#  Simulation has been initialized
# add wave -noreg {/forward_mux/rs1_m}
# add wave -noreg {/forward_mux/rs2_m}
# add wave -noreg {/forward_mux/rs3_m}
# add wave -noreg {/forward_mux/rs1_out_m}
# add wave -noreg {/forward_mux/rs2_out_m}
# add wave -noreg {/forward_mux/rs3_out_m}
# add wave -noreg {/forward_mux/forward}
# add wave -noreg {/forward_mux/WriteValue}
# add wave -noreg {/forward_mux/ALU_instruct_in}
# add wave -noreg {/forward_mux/ALU_instruct_out}
# 10 signal(s) traced.
# Waveform file 'untitled.awc' connected to 'C:/Users/Seyi Olajuyi/Documents/Courses/ESE345/Projec/Forwarding_Mux/forward_mux/src/wave.asdb'.
run
# KERNEL: Simulation has finished. There are no more test vectors to simulate.
run
# KERNEL: Simulation has finished. There are no more test vectors to simulate.
run 100 ns
# KERNEL: stopped at time: 100 ns
# KERNEL: Simulation has finished. There are no more test vectors to simulate.
run 100 ns
# KERNEL: stopped at time: 200 ns
# KERNEL: Simulation has finished. There are no more test vectors to simulate.
run 100 ns
# KERNEL: stopped at time: 300 ns
# KERNEL: Simulation has finished. There are no more test vectors to simulate.
endsim
# VSIM: Simulation has finished.
acom -O3 -e 100 -work forward_mux -2002  $dsn/src/forward_mux.vhd $dsn/src/forward_mux_tb.vhd
# Warning: DAGGEN_0523: The source is compiled without the -dbg switch. Line breakpoints and assertion debug will not be available.
# File: C:/Users/Seyi Olajuyi/Documents/Courses/ESE345/Projec/Forwarding_Mux/forward_mux/src/forward_mux.vhd
# Compile Entity "forward_mux"
# Compile Architecture "forward_mux" of Entity "forward_mux"
# File: C:/Users/Seyi Olajuyi/Documents/Courses/ESE345/Projec/Forwarding_Mux/forward_mux/src/forward_mux_tb.vhd
# Compile Entity "forward_mux_tb"
# Compile Architecture "forward_mux_tb" of Entity "forward_mux_tb"
# Compile success 0 Errors 0 Warnings  Analysis time :  78.0 [ms]
asim -O5 +access +r +m+forward_mux forward_mux forward_mux
# ELBREAD: Elaboration process.
# ELBREAD: Elaboration time 0.0 [s].
# VSIM: Stack memory: 32MB
# VSIM: Retval memory: 32MB
# 
# KERNEL: Main thread initiated.
# KERNEL: Kernel process initialization phase.
# ELAB2: Elaboration final pass...
# ELAB2: Create instances ...
# KERNEL: Time resolution set to 1ps.
# ELAB2: Create instances complete.
# SLP: Started
# SLP: Elaboration phase ...
# SLP: Elaboration phase ... skipped, nothing to simulate in SLP mode : 0.0 [s]
# SLP: Finished : 0.0 [s]
# ELAB2: Elaboration final pass complete - time: 0.0 [s].
# KERNEL: Warning: You are using the Active-HDL Student Edition. The performance of simulation is running at a reduced rate.
# KERNEL: Warning: Contact Aldec for available upgrade options - sales@aldec.com.
# KERNEL: Kernel process initialization done.
# Allocation: Simulator allocated 6175 kB (elbread=1280 elab2=4757 kernel=137 sdf=0)
# KERNEL: ASDB file was created in location C:\Users\Seyi Olajuyi\Documents\Courses\ESE345\Projec\Forwarding_Mux\forward_mux\src\wave.asdb
#  1:55 PM, Monday, November 30, 2020
#  Simulation has been initialized
endsim
# VSIM: Simulation has finished.
# ELBREAD: Elaboration process.
# ELBREAD: Elaboration time 0.0 [s].
# ELBREAD: Elaboration process.
# ELBREAD: Elaboration time 0.0 [s].
acom -O3 -e 100 -work forward_mux -2002  $dsn/src/forward_mux.vhd $dsn/src/forward_mux_tb.vhd
# Warning: DAGGEN_0523: The source is compiled without the -dbg switch. Line breakpoints and assertion debug will not be available.
# File: C:/Users/Seyi Olajuyi/Documents/Courses/ESE345/Projec/Forwarding_Mux/forward_mux/src/forward_mux.vhd
# Compile Entity "forward_mux"
# Compile Architecture "forward_mux" of Entity "forward_mux"
# File: C:/Users/Seyi Olajuyi/Documents/Courses/ESE345/Projec/Forwarding_Mux/forward_mux/src/forward_mux_tb.vhd
# Compile Entity "forward_mux_tb"
# Compile Architecture "forward_mux_tb" of Entity "forward_mux_tb"
# Compile success 0 Errors 0 Warnings  Analysis time :  63.0 [ms]
asim -O5 +access +r +m+forward_mux_tb forward_mux_tb forward_mux_tb
# ELBREAD: Elaboration process.
# ELBREAD: Elaboration time 0.0 [s].
# VSIM: Stack memory: 32MB
# VSIM: Retval memory: 32MB
# 
# KERNEL: Main thread initiated.
# KERNEL: Kernel process initialization phase.
# ELAB2: Elaboration final pass...
# ELAB2: Create instances ...
# KERNEL: Time resolution set to 1ps.
# ELAB2: Create instances complete.
# SLP: Started
# SLP: Elaboration phase ...
# SLP: Elaboration phase ... skipped, nothing to simulate in SLP mode : 0.0 [s]
# SLP: Finished : 0.0 [s]
# ELAB2: Elaboration final pass complete - time: 0.0 [s].
# KERNEL: Warning: You are using the Active-HDL Student Edition. The performance of simulation is running at a reduced rate.
# KERNEL: Warning: Contact Aldec for available upgrade options - sales@aldec.com.
# KERNEL: Kernel process initialization done.
# Allocation: Simulator allocated 6198 kB (elbread=1280 elab2=4780 kernel=137 sdf=0)
# KERNEL: ASDB file was created in location C:\Users\Seyi Olajuyi\Documents\Courses\ESE345\Projec\Forwarding_Mux\forward_mux\src\wave.asdb
#  1:55 PM, Monday, November 30, 2020
#  Simulation has been initialized
# add wave -noreg {/forward_mux_tb/rs1_m}
# add wave -noreg {/forward_mux_tb/rs2_m}
# add wave -noreg {/forward_mux_tb/rs3_m}
# add wave -noreg {/forward_mux_tb/forward}
# add wave -noreg {/forward_mux_tb/WriteValue}
# add wave -noreg {/forward_mux_tb/ALU_instruct_in}
# add wave -noreg {/forward_mux_tb/rs1_out_m}
# add wave -noreg {/forward_mux_tb/rs2_out_m}
# add wave -noreg {/forward_mux_tb/rs3_out_m}
# add wave -noreg {/forward_mux_tb/ALU_instruct_out}
# 10 signal(s) traced.
# Waveform file 'untitled.awc' connected to 'C:/Users/Seyi Olajuyi/Documents/Courses/ESE345/Projec/Forwarding_Mux/forward_mux/src/wave.asdb'.
run
# KERNEL: Simulation has finished. There are no more test vectors to simulate.
endsim
# VSIM: Simulation has finished.
