Active-HDL 11.1.262.7351 2020-11-25 22:56:31

Elaboration top modules:
Architecture                  data_forward(data_forward)


--------------------------------------------------------------------------------------------------
Entity       | Architecture | Library      | Info | Compiler Version        | Compilation Options
--------------------------------------------------------------------------------------------------
data_forward | data_forward | Data_forward |      | 11.1.262.7351 (Windows) | -dbg -2018
--------------------------------------------------------------------------------------------------

--------------------------------------------------------------------------------------------------
VHDL Package                | Library      | Info | Compiler Version        | Compilation Options
--------------------------------------------------------------------------------------------------
standard                    | std          |      |                         | <unavailable>
TEXTIO                      | std          |      |                         | <unavailable>
std_logic_1164              | ieee         |      |                         | <unavailable>
NUMERIC_STD                 | ieee         |      |                         | <unavailable>
--------------------------------------------------------------------------------------------------

--------------------------------------------------------------------------------------------------
Library                     | Comment
--------------------------------------------------------------------------------------------------
Data_forward                | None
ieee                        | Standard IEEE packages library
std                         | Standard VHDL library
--------------------------------------------------------------------------------------------------


Simulation Options: asim -O5 +access +r +m+data_forward data_forward data_forward


The performance of simulation is reduced. Version Student Edition
