Active-HDL 11.1.262.7351 2020-11-30 01:38:21

Elaboration top modules:
Architecture                  registerfile_tb(registerfile_tb)


---------------------------------------------------------------------------------------------------------
Entity          | Architecture    | Library       | Info | Compiler Version        | Compilation Options
---------------------------------------------------------------------------------------------------------
registerfile_tb | registerfile_tb | register_file |      | 11.1.262.7351 (Windows) | -O3
register_file   | behavioral      | register_file |      | 11.1.262.7351 (Windows) | -O3
---------------------------------------------------------------------------------------------------------

---------------------------------------------------------------------------------------------------------
VHDL Package                      | Library       | Info | Compiler Version        | Compilation Options
---------------------------------------------------------------------------------------------------------
standard                          | std           |      |                         | <unavailable>
TEXTIO                            | std           |      |                         | <unavailable>
std_logic_1164                    | ieee          |      |                         | <unavailable>
NUMERIC_STD                       | ieee          |      |                         | <unavailable>
---------------------------------------------------------------------------------------------------------

---------------------------------------------------------------------------------------------------------
Library                           | Comment
---------------------------------------------------------------------------------------------------------
ieee                              | Standard IEEE packages library
register_file                     | None
std                               | Standard VHDL library
---------------------------------------------------------------------------------------------------------
