asim -O5 +access +r +m+ALU_tb ALU_tb ALU_tb
# ELBREAD: Elaboration process.
# ELBREAD: Elaboration time 0.0 [s].
# VSIM: Stack memory: 32MB
# VSIM: Retval memory: 32MB
# 
# KERNEL: Main thread initiated.
# KERNEL: Kernel process initialization phase.
# ELAB2: Elaboration final pass...
# ELAB2: Create instances ...
# KERNEL: Time resolution set to 1ps.
# ELAB2: Create instances complete.
# SLP: Started
# SLP: Elaboration phase ...
# SLP: Elaboration phase ... skipped, nothing to simulate in SLP mode : 0.0 [s]
# SLP: Finished : 0.0 [s]
# ELAB2: Elaboration final pass complete - time: 0.0 [s].
# KERNEL: Warning: You are using the Active-HDL Student Edition. The performance of simulation is running at a reduced rate.
# KERNEL: Warning: Contact Aldec for available upgrade options - sales@aldec.com.
# KERNEL: Kernel process initialization done.
# Allocation: Simulator allocated 6239 kB (elbread=1280 elab2=4812 kernel=146 sdf=0)
# KERNEL: ASDB file was created in location C:\Users\Seyi Olajuyi\Documents\Courses\ESE345\Projec\ALU\Multimedia ALU\src\wave.asdb
#  10:25 AM, Wednesday, November 25, 2020
#  Simulation has been initialized
# Waveform file 'untitled.awc' connected to 'C:/Users/Seyi Olajuyi/Documents/Courses/ESE345/Projec/ALU/Multimedia ALU/src/wave.asdb'.
run 100 ns
# KERNEL: stopped at time: 100 ns
run 100 ns
# KERNEL: stopped at time: 200 ns
run 100 ns
# KERNEL: stopped at time: 300 ns
run 100 ns
# KERNEL: stopped at time: 400 ns
run 100 ns
# KERNEL: stopped at time: 500 ns
run 100 ns
# KERNEL: stopped at time: 600 ns
endsim
# VSIM: Simulation has finished.
asim -O5 +access +r +m+ALU_tb ALU_tb ALU_tb
# ELBREAD: Elaboration process.
# ELBREAD: Elaboration time 0.0 [s].
# VSIM: Stack memory: 32MB
# VSIM: Retval memory: 32MB
# 
acom -dbg -e 100 -work multimedia_alu -2018  $dsn/src/ALU_tb.vhd
# File: C:/Users/Seyi Olajuyi/Documents/Courses/ESE345/Projec/ALU/Multimedia ALU/src/ALU_tb.vhd
# Compile Entity "ALU_tb"
# Compile Architecture "ALU_tb" of Entity "ALU_tb"
# Compile success 0 Errors 0 Warnings  Analysis time :  62.0 [ms]
# ELBREAD: Elaboration process.
# ELBREAD: Elaboration time 0.0 [s].
# KERNEL: Main thread initiated.
# KERNEL: Kernel process initialization phase.
# ELAB2: Elaboration final pass...
# ELAB2: Create instances ...
# KERNEL: Time resolution set to 1ps.
# ELAB2: Create instances complete.
# SLP: Started
# SLP: Elaboration phase ...
# SLP: Elaboration phase ... skipped, nothing to simulate in SLP mode : 0.0 [s]
# SLP: Finished : 0.0 [s]
# ELAB2: Elaboration final pass complete - time: 0.0 [s].
# KERNEL: Warning: You are using the Active-HDL Student Edition. The performance of simulation is running at a reduced rate.
# KERNEL: Warning: Contact Aldec for available upgrade options - sales@aldec.com.
# KERNEL: Kernel process initialization done.
# Allocation: Simulator allocated 6250 kB (elbread=1280 elab2=4822 kernel=147 sdf=0)
# KERNEL: ASDB file was created in location C:\Users\Seyi Olajuyi\Documents\Courses\ESE345\Projec\ALU\Multimedia ALU\src\wave.asdb
#  10:54 AM, Wednesday, November 25, 2020
#  Simulation has been initialized
# Waveform file 'untitled.awc' connected to 'C:/Users/Seyi Olajuyi/Documents/Courses/ESE345/Projec/ALU/Multimedia ALU/src/wave.asdb'.
run 100 ns
# KERNEL: stopped at time: 100 ns
run 100 ns
# KERNEL: stopped at time: 200 ns
run 100 ns
# KERNEL: stopped at time: 300 ns
run 100 ns
# KERNEL: stopped at time: 400 ns
run 100 ns
# KERNEL: stopped at time: 500 ns
run 100 ns
# KERNEL: stopped at time: 600 ns
run 100 ns
# KERNEL: stopped at time: 700 ns
run 100 ns
# KERNEL: stopped at time: 800 ns
run 100 ns
# KERNEL: stopped at time: 900 ns
run 100 ns
# KERNEL: stopped at time: 1 us
run 100 ns
# KERNEL: stopped at time: 1100 ns
run 100 ns
# KERNEL: stopped at time: 1200 ns
endsim
# VSIM: Simulation has finished.
asim -O5 +access +r +m+ALU_tb ALU_tb ALU_tb
# ELBREAD: Elaboration process.
# ELBREAD: Elaboration time 0.0 [s].
# VSIM: Stack memory: 32MB
# VSIM: Retval memory: 32MB
# 
acom -dbg -e 100 -work multimedia_alu -2018  $dsn/src/ALU_tb.vhd
# File: C:/Users/Seyi Olajuyi/Documents/Courses/ESE345/Projec/ALU/Multimedia ALU/src/ALU_tb.vhd
# Compile Entity "ALU_tb"
# Compile Architecture "ALU_tb" of Entity "ALU_tb"
# Compile success 0 Errors 0 Warnings  Analysis time :  63.0 [ms]
# ELBREAD: Elaboration process.
# ELBREAD: Elaboration time 0.0 [s].
# KERNEL: Main thread initiated.
# KERNEL: Kernel process initialization phase.
# ELAB2: Elaboration final pass...
# ELAB2: Create instances ...
# KERNEL: Time resolution set to 1ps.
# ELAB2: Create instances complete.
# SLP: Started
# SLP: Elaboration phase ...
# SLP: Elaboration phase ... skipped, nothing to simulate in SLP mode : 0.0 [s]
# SLP: Finished : 0.0 [s]
# ELAB2: Elaboration final pass complete - time: 0.0 [s].
# KERNEL: Warning: You are using the Active-HDL Student Edition. The performance of simulation is running at a reduced rate.
# KERNEL: Warning: Contact Aldec for available upgrade options - sales@aldec.com.
# KERNEL: Kernel process initialization done.
# Allocation: Simulator allocated 6250 kB (elbread=1280 elab2=4822 kernel=147 sdf=0)
# KERNEL: ASDB file was created in location C:\Users\Seyi Olajuyi\Documents\Courses\ESE345\Projec\ALU\Multimedia ALU\src\wave.asdb
#  10:57 AM, Wednesday, November 25, 2020
#  Simulation has been initialized
# Waveform file 'untitled.awc' connected to 'C:/Users/Seyi Olajuyi/Documents/Courses/ESE345/Projec/ALU/Multimedia ALU/src/wave.asdb'.
run 100 ns
# KERNEL: stopped at time: 100 ns
run 100 ns
# KERNEL: stopped at time: 200 ns
run 100 ns
# KERNEL: stopped at time: 300 ns
run 100 ns
# KERNEL: stopped at time: 400 ns
run 100 ns
# KERNEL: stopped at time: 500 ns
run 100 ns
# KERNEL: stopped at time: 600 ns
run 100 ns
# KERNEL: stopped at time: 700 ns
run 100 ns
# KERNEL: stopped at time: 800 ns
run 100 ns
# KERNEL: stopped at time: 900 ns
run 100 ns
# KERNEL: stopped at time: 1 us
run 100 ns
# KERNEL: stopped at time: 1100 ns
run 100 ns
# KERNEL: stopped at time: 1200 ns
run 100 ns
# KERNEL: stopped at time: 1300 ns
run 100 ns
# KERNEL: stopped at time: 1400 ns
run 100 ns
# KERNEL: stopped at time: 1500 ns
run 100 ns
# KERNEL: stopped at time: 1600 ns
run 100 ns
# KERNEL: stopped at time: 1700 ns
run 100 ns
# KERNEL: stopped at time: 1800 ns
run 100 ns
# KERNEL: stopped at time: 1900 ns
run 100 ns
# KERNEL: stopped at time: 2 us
run 100 ns
# KERNEL: stopped at time: 2100 ns
run 100 ns
# KERNEL: stopped at time: 2200 ns
run 100 ns
# KERNEL: stopped at time: 2300 ns
run 100 ns
# KERNEL: stopped at time: 2400 ns
run 100 ns
# KERNEL: stopped at time: 2500 ns
run 100 ns
# KERNEL: stopped at time: 2600 ns
run 100 ns
# KERNEL: stopped at time: 2700 ns
run 100 ns
# KERNEL: stopped at time: 2800 ns
run 100 ns
# KERNEL: stopped at time: 2900 ns
run 100 ns
# KERNEL: stopped at time: 3 us
run 100 ns
# KERNEL: stopped at time: 3100 ns
run 100 ns
# KERNEL: stopped at time: 3200 ns
run 100 ns
# KERNEL: stopped at time: 3300 ns
run 100 ns
# KERNEL: stopped at time: 3400 ns
run 100 ns
# KERNEL: stopped at time: 3500 ns
run 100 ns
# KERNEL: stopped at time: 3600 ns
run 100 ns
# KERNEL: stopped at time: 3700 ns
run 100 ns
# KERNEL: stopped at time: 3800 ns
run 100 ns
# KERNEL: stopped at time: 3900 ns
run 100 ns
# KERNEL: stopped at time: 4 us
run 100 ns
# KERNEL: stopped at time: 4100 ns
run 100 ns
# KERNEL: stopped at time: 4200 ns
run 100 ns
# KERNEL: stopped at time: 4300 ns
run 100 ns
# KERNEL: stopped at time: 4400 ns
run 100 ns
# KERNEL: stopped at time: 4500 ns
run 100 ns
# KERNEL: stopped at time: 4600 ns
run 100 ns
# KERNEL: stopped at time: 4700 ns
run 100 ns
# KERNEL: stopped at time: 4800 ns
run 100 ns
# KERNEL: stopped at time: 4900 ns
run 100 ns
# KERNEL: stopped at time: 5 us
run 100 ns
# KERNEL: stopped at time: 5100 ns
run 100 ns
# KERNEL: stopped at time: 5200 ns
run 100 ns
# KERNEL: stopped at time: 5300 ns
run 100 ns
# KERNEL: stopped at time: 5400 ns
run 100 ns
# KERNEL: stopped at time: 5500 ns
run 100 ns
# KERNEL: stopped at time: 5600 ns
run 100 ns
# KERNEL: stopped at time: 5700 ns
run 100 ns
# KERNEL: stopped at time: 5800 ns
run 100 ns
# KERNEL: stopped at time: 5900 ns
run 100 ns
# KERNEL: stopped at time: 6 us
endsim
# VSIM: Simulation has finished.
# Error: Cannot save 'C:/Users/SeyiOlajuyi/Documents/Courses/ESE345/Projec/ALU/MultimediaALU/src/Testing_ALU.asdb' file.
# ELBREAD: Elaboration process.
# ELBREAD: Elaboration time 0.0 [s].
# ELBREAD: Elaboration process.
# ELBREAD: Elaboration time 0.0 [s].
acom -dbg -e 100 -work multimedia_alu -2018  $dsn/src/ALU.vhd
# File: C:/Users/Seyi Olajuyi/Documents/Courses/ESE345/Projec/ALU/Multimedia ALU/src/ALU.vhd
# Compile Entity "ALU"
# Compile Architecture "ALU" of Entity "ALU"
# Compile success 0 Errors 0 Warnings  Analysis time :  0.1 [s]
asim -O5 +access +r +m+ALU ALU ALU
# ELBREAD: Elaboration process.
# ELBREAD: Elaboration time 0.0 [s].
# VSIM: Stack memory: 32MB
# VSIM: Retval memory: 32MB
# 
# KERNEL: Main thread initiated.
# KERNEL: Kernel process initialization phase.
# ELAB2: Elaboration final pass...
# ELAB2: Create instances ...
# KERNEL: Time resolution set to 1ps.
# ELAB2: Create instances complete.
# SLP: Started
# SLP: Elaboration phase ...
# SLP: Elaboration phase ... skipped, nothing to simulate in SLP mode : 0.0 [s]
# SLP: Finished : 0.0 [s]
# ELAB2: Elaboration final pass complete - time: 0.1 [s].
# KERNEL: Warning: You are using the Active-HDL Student Edition. The performance of simulation is running at a reduced rate.
# KERNEL: Warning: Contact Aldec for available upgrade options - sales@aldec.com.
# KERNEL: Kernel process initialization done.
# Allocation: Simulator allocated 6231 kB (elbread=1280 elab2=4806 kernel=144 sdf=0)
# KERNEL: ASDB file was created in location C:\Users\Seyi Olajuyi\Documents\Courses\ESE345\Projec\ALU\Multimedia ALU\src\wave.asdb
#  2:09 PM, Wednesday, November 25, 2020
#  Simulation has been initialized
# add wave -noreg {/ALU/rs1}
# add wave -noreg {/ALU/rs2}
# add wave -noreg {/ALU/rs3}
# add wave -noreg {/ALU/instruct}
# add wave -noreg {/ALU/rd}
# 5 signal(s) traced.
# Waveform file 'untitled.awc' connected to 'C:/Users/Seyi Olajuyi/Documents/Courses/ESE345/Projec/ALU/Multimedia ALU/src/wave.asdb'.
run 100 ns
# KERNEL: stopped at time: 100 ns
endsim
# VSIM: Simulation has finished.
asim -O5 +access +r +m+ALU ALU ALU
# ELBREAD: Elaboration process.
# ELBREAD: Elaboration time 0.0 [s].
# VSIM: Stack memory: 32MB
# VSIM: Retval memory: 32MB
# 
# KERNEL: Main thread initiated.
# KERNEL: Kernel process initialization phase.
# ELAB2: Elaboration final pass...
# ELAB2: Create instances ...
# KERNEL: Time resolution set to 1ps.
# ELAB2: Create instances complete.
# SLP: Started
# SLP: Elaboration phase ...
# SLP: Elaboration phase ... skipped, nothing to simulate in SLP mode : 0.0 [s]
# SLP: Finished : 0.0 [s]
# ELAB2: Elaboration final pass complete - time: 0.0 [s].
# KERNEL: Warning: You are using the Active-HDL Student Edition. The performance of simulation is running at a reduced rate.
# KERNEL: Warning: Contact Aldec for available upgrade options - sales@aldec.com.
# KERNEL: Kernel process initialization done.
# Allocation: Simulator allocated 6231 kB (elbread=1280 elab2=4806 kernel=144 sdf=0)
# KERNEL: ASDB file was created in location C:\Users\Seyi Olajuyi\Documents\Courses\ESE345\Projec\ALU\Multimedia ALU\src\wave.asdb
#  2:15 PM, Wednesday, November 25, 2020
#  Simulation has been initialized
# Waveform file 'untitled.awc' connected to 'C:/Users/Seyi Olajuyi/Documents/Courses/ESE345/Projec/ALU/Multimedia ALU/src/wave.asdb'.
run 100 ns
# KERNEL: stopped at time: 100 ns
run 100 ns
# KERNEL: stopped at time: 200 ns
endsim
# VSIM: Simulation has finished.
asim -O5 +access +r +m+ALU ALU ALU
# ELBREAD: Elaboration process.
# ELBREAD: Elaboration time 0.0 [s].
# VSIM: Stack memory: 32MB
# VSIM: Retval memory: 32MB
# 
# KERNEL: Main thread initiated.
# KERNEL: Kernel process initialization phase.
# ELAB2: Elaboration final pass...
# ELAB2: Create instances ...
# KERNEL: Time resolution set to 1ps.
# ELAB2: Create instances complete.
# SLP: Started
# SLP: Elaboration phase ...
# SLP: Elaboration phase ... skipped, nothing to simulate in SLP mode : 0.0 [s]
# SLP: Finished : 0.0 [s]
# ELAB2: Elaboration final pass complete - time: 0.0 [s].
# KERNEL: Warning: You are using the Active-HDL Student Edition. The performance of simulation is running at a reduced rate.
# KERNEL: Warning: Contact Aldec for available upgrade options - sales@aldec.com.
# KERNEL: Kernel process initialization done.
# Allocation: Simulator allocated 6231 kB (elbread=1280 elab2=4806 kernel=144 sdf=0)
# KERNEL: ASDB file was created in location C:\Users\Seyi Olajuyi\Documents\Courses\ESE345\Projec\ALU\Multimedia ALU\src\wave.asdb
#  2:18 PM, Wednesday, November 25, 2020
#  Simulation has been initialized
# Waveform file 'untitled.awc' connected to 'C:/Users/Seyi Olajuyi/Documents/Courses/ESE345/Projec/ALU/Multimedia ALU/src/wave.asdb'.
run 100 ns
# KERNEL: stopped at time: 100 ns
run 100 ns
# KERNEL: stopped at time: 200 ns
run 100 ns
# KERNEL: stopped at time: 300 ns
run 100 ns
# KERNEL: stopped at time: 400 ns
run 100 ns
# KERNEL: stopped at time: 500 ns
run 100 ns
# KERNEL: stopped at time: 600 ns
run 100 ns
# KERNEL: stopped at time: 700 ns
run 100 ns
# KERNEL: stopped at time: 800 ns
run 100 ns
# KERNEL: stopped at time: 900 ns
run 100 ns
# KERNEL: stopped at time: 1 us
run 100 ns
# KERNEL: stopped at time: 1100 ns
run 100 ns
# KERNEL: stopped at time: 1200 ns
run 100 ns
# KERNEL: stopped at time: 1300 ns
run 100 ns
# KERNEL: stopped at time: 1400 ns
run 100 ns
# KERNEL: stopped at time: 1500 ns
endsim
# VSIM: Simulation has finished.
asim -O5 +access +r +m+ALU ALU ALU
# ELBREAD: Elaboration process.
# ELBREAD: Elaboration time 0.0 [s].
# VSIM: Stack memory: 32MB
# VSIM: Retval memory: 32MB
# 
# KERNEL: Main thread initiated.
# KERNEL: Kernel process initialization phase.
# ELAB2: Elaboration final pass...
# ELAB2: Create instances ...
# KERNEL: Time resolution set to 1ps.
# ELAB2: Create instances complete.
# SLP: Started
# SLP: Elaboration phase ...
# SLP: Elaboration phase ... skipped, nothing to simulate in SLP mode : 0.0 [s]
# SLP: Finished : 0.0 [s]
# ELAB2: Elaboration final pass complete - time: 0.0 [s].
# KERNEL: Warning: You are using the Active-HDL Student Edition. The performance of simulation is running at a reduced rate.
# KERNEL: Warning: Contact Aldec for available upgrade options - sales@aldec.com.
# KERNEL: Kernel process initialization done.
# Allocation: Simulator allocated 6231 kB (elbread=1280 elab2=4806 kernel=144 sdf=0)
# KERNEL: ASDB file was created in location C:\Users\Seyi Olajuyi\Documents\Courses\ESE345\Projec\ALU\Multimedia ALU\src\wave.asdb
#  2:19 PM, Wednesday, November 25, 2020
#  Simulation has been initialized
# Waveform file 'untitled.awc' connected to 'C:/Users/Seyi Olajuyi/Documents/Courses/ESE345/Projec/ALU/Multimedia ALU/src/wave.asdb'.
acom -dbg -e 100 -work multimedia_alu -2018  $dsn/src/ALU.vhd
# File: C:/Users/Seyi Olajuyi/Documents/Courses/ESE345/Projec/ALU/Multimedia ALU/src/ALU.vhd
# Compile Entity "ALU"
# Compile Architecture "ALU" of Entity "ALU"
# Error: COMP96_0367: ALU.vhd : (346, 9): Improper array length (128). Expected length is 4.
# Error: COMP96_0367: ALU.vhd : (352, 9): Improper array length (128). Expected length is 4.
# Error: COMP96_0367: ALU.vhd : (358, 9): Improper array length (128). Expected length is 4.
# Error: COMP96_0367: ALU.vhd : (364, 9): Improper array length (128). Expected length is 4.
# Error: COMP96_0367: ALU.vhd : (370, 9): Improper array length (128). Expected length is 4.
# Error: COMP96_0367: ALU.vhd : (376, 9): Improper array length (128). Expected length is 4.
# Error: COMP96_0367: ALU.vhd : (382, 9): Improper array length (128). Expected length is 4.
# Compile failure 7 Errors 0 Warnings  Analysis time :  0.1 [s]
acom -dbg -e 100 -work multimedia_alu -2018  $dsn/src/ALU.vhd
# File: C:/Users/Seyi Olajuyi/Documents/Courses/ESE345/Projec/ALU/Multimedia ALU/src/ALU.vhd
# Compile Entity "ALU"
# Compile Architecture "ALU" of Entity "ALU"
# Compile success 0 Errors 0 Warnings  Analysis time :  94.0 [ms]
run 100 ns
# KERNEL: stopped at time: 100 ns
run 100 ns
# KERNEL: stopped at time: 200 ns
run 100 ns
# KERNEL: stopped at time: 300 ns
run 100 ns
# KERNEL: stopped at time: 400 ns
run 100 ns
# KERNEL: stopped at time: 500 ns
run 100 ns
# KERNEL: stopped at time: 600 ns
acom -dbg -e 100 -work multimedia_alu -2018  $dsn/src/ALU.vhd
# File: C:/Users/Seyi Olajuyi/Documents/Courses/ESE345/Projec/ALU/Multimedia ALU/src/ALU.vhd
# Compile Entity "ALU"
# Compile Architecture "ALU" of Entity "ALU"
# Compile success 0 Errors 0 Warnings  Analysis time :  0.1 [s]
endsim
# VSIM: Simulation has finished.
asim -O5 +access +r +m+ALU ALU ALU
# ELBREAD: Elaboration process.
# ELBREAD: Elaboration time 0.0 [s].
# VSIM: Stack memory: 32MB
# VSIM: Retval memory: 32MB
# 
# KERNEL: Main thread initiated.
# KERNEL: Kernel process initialization phase.
# ELAB2: Elaboration final pass...
# ELAB2: Create instances ...
# KERNEL: Time resolution set to 1ps.
# ELAB2: Create instances complete.
# SLP: Started
# SLP: Elaboration phase ...
# SLP: Elaboration phase ... skipped, nothing to simulate in SLP mode : 0.0 [s]
# SLP: Finished : 0.0 [s]
# ELAB2: Elaboration final pass complete - time: 0.0 [s].
# KERNEL: Warning: You are using the Active-HDL Student Edition. The performance of simulation is running at a reduced rate.
# KERNEL: Warning: Contact Aldec for available upgrade options - sales@aldec.com.
# KERNEL: Kernel process initialization done.
# Allocation: Simulator allocated 6232 kB (elbread=1280 elab2=4806 kernel=145 sdf=0)
# KERNEL: ASDB file was created in location C:\Users\Seyi Olajuyi\Documents\Courses\ESE345\Projec\ALU\Multimedia ALU\src\wave.asdb
#  2:27 PM, Wednesday, November 25, 2020
#  Simulation has been initialized
# Waveform file 'untitled.awc' connected to 'C:/Users/Seyi Olajuyi/Documents/Courses/ESE345/Projec/ALU/Multimedia ALU/src/wave.asdb'.
run 100 ns
# KERNEL: stopped at time: 100 ns
run 100 ns
# KERNEL: stopped at time: 200 ns
run 100 ns
# KERNEL: stopped at time: 300 ns
run 100 ns
# KERNEL: stopped at time: 400 ns
run 100 ns
# KERNEL: stopped at time: 500 ns
run 100 ns
# KERNEL: stopped at time: 600 ns
run 100 ns
# KERNEL: stopped at time: 700 ns
run 100 ns
# KERNEL: stopped at time: 800 ns
run 100 ns
# KERNEL: stopped at time: 900 ns
run 100 ns
# KERNEL: stopped at time: 1 us
run 100 ns
# KERNEL: stopped at time: 1100 ns
run 100 ns
# KERNEL: stopped at time: 1200 ns
endsim
# VSIM: Simulation has finished.
