acom -dbg -e 100 -work system -2008  $dsn/src/System_tb.vhd
# File: C:/Users/Seyi Olajuyi/Documents/Courses/ESE345/Projec/System/System/src/System_tb.vhd
# Compile Entity "System_tb"
# Compile Architecture "System_tb" of Entity "System_tb"
# Compile success 0 Errors 0 Warnings  Analysis time :  47.0 [ms]
asim -O5 +access +r +m+System_tb System_tb System_tb
# ELBREAD: Elaboration process.
# ELBREAD: Elaboration time 0.0 [s].
# VSIM: Stack memory: 32MB
# VSIM: Retval memory: 32MB
# 
# KERNEL: Main thread initiated.
# KERNEL: Kernel process initialization phase.
# ELAB2: Elaboration final pass...
# ELAB2: Create instances ...
# KERNEL: Time resolution set to 1ps.
# ELAB2: Create instances complete.
# SLP: Started
# SLP: Elaboration phase ...
# SLP: Elaboration phase ... skipped, nothing to simulate in SLP mode : 0.0 [s]
# SLP: Finished : 0.0 [s]
# ELAB2: Elaboration final pass complete - time: 0.0 [s].
# KERNEL: Warning: You are using the Active-HDL Student Edition. The performance of simulation is running at a reduced rate.
# KERNEL: Warning: Contact Aldec for available upgrade options - sales@aldec.com.
# KERNEL: Kernel process initialization done.
# Allocation: Simulator allocated 7343 kB (elbread=1280 elab2=5905 kernel=157 sdf=0)
# KERNEL: ASDB file was created in location C:\Users\Seyi Olajuyi\Documents\Courses\ESE345\Projec\System\System\src\wave.asdb
#  9:26 PM, Saturday, November 28, 2020
#  Simulation has been initialized
# add wave -noreg {/System_tb/UUT/instruct_buffer/u2/PC}
# add wave -noreg {/System_tb/UUT/instruct_buffer/u2/Clk}
# add wave -noreg {/System_tb/UUT/instruct_buffer/u2/Instruct}
# 3 signal(s) traced.
# Waveform file 'untitled.awc' connected to 'C:/Users/Seyi Olajuyi/Documents/Courses/ESE345/Projec/System/System/src/wave.asdb'.
# 1 signal(s) traced.
# 1 signal(s) traced.
# 1 signal(s) traced.
# 8 signal(s) traced.
# 3 signal(s) traced.
# 7 signal(s) traced.
run 100 ns
# KERNEL: WARNING: NUMERIC_STD.TO_INTEGER: metavalue detected, returning 0
# KERNEL: Time: 0 ps,  Iteration: 3,  Instance: /System_tb/UUT/instruct_buffer/u2,  Process: store_instruct.
# EXECUTION:: NOTE   : Line: 1000000100000110001000001
# EXECUTION:: Time: 10 ns,  Iteration: 0,  Instance: /System_tb,  Process: testing.
# EXECUTION:: NOTE   : PC : 000000
# EXECUTION:: Time: 10 ns,  Iteration: 0,  Instance: /System_tb,  Process: testing.
# EXECUTION:: NOTE   : Line: 1000100001001010011000111
# EXECUTION:: Time: 20 ns,  Iteration: 0,  Instance: /System_tb,  Process: testing.
# EXECUTION:: NOTE   : PC : 000001
# EXECUTION:: Time: 20 ns,  Iteration: 0,  Instance: /System_tb,  Process: testing.
# EXECUTION:: NOTE   : Line: 0010000000001000000000011
# EXECUTION:: Time: 30 ns,  Iteration: 0,  Instance: /System_tb,  Process: testing.
# EXECUTION:: NOTE   : PC : 000010
# EXECUTION:: Time: 30 ns,  Iteration: 0,  Instance: /System_tb,  Process: testing.
# KERNEL: stopped at time: 100 ns
run 100 ns
# KERNEL: stopped at time: 200 ns
endsim
# VSIM: Simulation has finished.
asim -O5 +access +r +m+System_tb System_tb System_tb
# ELBREAD: Elaboration process.
# ELBREAD: Elaboration time 0.0 [s].
# VSIM: Stack memory: 32MB
# VSIM: Retval memory: 32MB
# 
# KERNEL: Main thread initiated.
# KERNEL: Kernel process initialization phase.
# ELAB2: Elaboration final pass...
# ELAB2: Create instances ...
# KERNEL: Time resolution set to 1ps.
# ELAB2: Create instances complete.
# SLP: Started
# SLP: Elaboration phase ...
# SLP: Elaboration phase ... skipped, nothing to simulate in SLP mode : 0.0 [s]
# SLP: Finished : 0.0 [s]
# ELAB2: Elaboration final pass complete - time: 0.0 [s].
# KERNEL: Warning: You are using the Active-HDL Student Edition. The performance of simulation is running at a reduced rate.
# KERNEL: Warning: Contact Aldec for available upgrade options - sales@aldec.com.
# KERNEL: Kernel process initialization done.
# Allocation: Simulator allocated 7343 kB (elbread=1280 elab2=5905 kernel=157 sdf=0)
# KERNEL: ASDB file was created in location C:\Users\Seyi Olajuyi\Documents\Courses\ESE345\Projec\System\System\src\wave.asdb
#  9:30 PM, Saturday, November 28, 2020
#  Simulation has been initialized
# Waveform file 'untitled.awc' connected to 'C:/Users/Seyi Olajuyi/Documents/Courses/ESE345/Projec/System/System/src/wave.asdb'.
# 16 signal(s) traced.
run 100 ns
# KERNEL: WARNING: NUMERIC_STD.TO_INTEGER: metavalue detected, returning 0
# KERNEL: Time: 0 ps,  Iteration: 3,  Instance: /System_tb/UUT/instruct_buffer/u2,  Process: store_instruct.
# EXECUTION:: NOTE   : Line: 1000000100000110001000001
# EXECUTION:: Time: 10 ns,  Iteration: 0,  Instance: /System_tb,  Process: testing.
# EXECUTION:: NOTE   : PC : 000000
# EXECUTION:: Time: 10 ns,  Iteration: 0,  Instance: /System_tb,  Process: testing.
# EXECUTION:: NOTE   : Line: 1000100001001010011000111
# EXECUTION:: Time: 20 ns,  Iteration: 0,  Instance: /System_tb,  Process: testing.
# EXECUTION:: NOTE   : PC : 000001
# EXECUTION:: Time: 20 ns,  Iteration: 0,  Instance: /System_tb,  Process: testing.
# EXECUTION:: NOTE   : Line: 0010000000001000000000011
# EXECUTION:: Time: 30 ns,  Iteration: 0,  Instance: /System_tb,  Process: testing.
# EXECUTION:: NOTE   : PC : 000010
# EXECUTION:: Time: 30 ns,  Iteration: 0,  Instance: /System_tb,  Process: testing.
# KERNEL: stopped at time: 100 ns
run 100 ns
# KERNEL: stopped at time: 200 ns
endsim
# VSIM: Simulation has finished.
asim -O5 +access +r +m+System_tb System_tb System_tb
# ELBREAD: Elaboration process.
# ELBREAD: Elaboration time 0.0 [s].
# VSIM: Stack memory: 32MB
# VSIM: Retval memory: 32MB
# 
# KERNEL: Main thread initiated.
# KERNEL: Kernel process initialization phase.
# ELAB2: Elaboration final pass...
# ELAB2: Create instances ...
# KERNEL: Time resolution set to 1ps.
# ELAB2: Create instances complete.
# SLP: Started
# SLP: Elaboration phase ...
# SLP: Elaboration phase ... skipped, nothing to simulate in SLP mode : 0.0 [s]
# SLP: Finished : 0.0 [s]
# ELAB2: Elaboration final pass complete - time: 0.0 [s].
# KERNEL: Warning: You are using the Active-HDL Student Edition. The performance of simulation is running at a reduced rate.
# KERNEL: Warning: Contact Aldec for available upgrade options - sales@aldec.com.
# KERNEL: Kernel process initialization done.
# Allocation: Simulator allocated 7343 kB (elbread=1280 elab2=5905 kernel=157 sdf=0)
# KERNEL: ASDB file was created in location C:\Users\Seyi Olajuyi\Documents\Courses\ESE345\Projec\System\System\src\wave.asdb
#  9:30 PM, Saturday, November 28, 2020
#  Simulation has been initialized
# Waveform file 'untitled.awc' connected to 'C:/Users/Seyi Olajuyi/Documents/Courses/ESE345/Projec/System/System/src/wave.asdb'.
# 10 signal(s) traced.
# 8 signal(s) traced.
run 100 ns
# KERNEL: WARNING: NUMERIC_STD.TO_INTEGER: metavalue detected, returning 0
# KERNEL: Time: 0 ps,  Iteration: 3,  Instance: /System_tb/UUT/instruct_buffer/u2,  Process: store_instruct.
# EXECUTION:: NOTE   : Line: 1000000100000110001000001
# EXECUTION:: Time: 10 ns,  Iteration: 0,  Instance: /System_tb,  Process: testing.
# EXECUTION:: NOTE   : PC : 000000
# EXECUTION:: Time: 10 ns,  Iteration: 0,  Instance: /System_tb,  Process: testing.
# EXECUTION:: NOTE   : Line: 1000100001001010011000111
# EXECUTION:: Time: 20 ns,  Iteration: 0,  Instance: /System_tb,  Process: testing.
# EXECUTION:: NOTE   : PC : 000001
# EXECUTION:: Time: 20 ns,  Iteration: 0,  Instance: /System_tb,  Process: testing.
# EXECUTION:: NOTE   : Line: 0010000000001000000000011
# EXECUTION:: Time: 30 ns,  Iteration: 0,  Instance: /System_tb,  Process: testing.
# EXECUTION:: NOTE   : PC : 000010
# EXECUTION:: Time: 30 ns,  Iteration: 0,  Instance: /System_tb,  Process: testing.
# KERNEL: stopped at time: 100 ns
run 100 ns
# KERNEL: stopped at time: 200 ns
# 6 signal(s) traced.
endsim
# VSIM: Simulation has finished.
asim -O5 +access +r +m+System_tb System_tb System_tb
# ELBREAD: Elaboration process.
# ELBREAD: Elaboration time 0.0 [s].
# VSIM: Stack memory: 32MB
# VSIM: Retval memory: 32MB
# 
# KERNEL: Main thread initiated.
# KERNEL: Kernel process initialization phase.
# ELAB2: Elaboration final pass...
# ELAB2: Create instances ...
# KERNEL: Time resolution set to 1ps.
# ELAB2: Create instances complete.
# SLP: Started
# SLP: Elaboration phase ...
# SLP: Elaboration phase ... skipped, nothing to simulate in SLP mode : 0.0 [s]
# SLP: Finished : 0.0 [s]
# ELAB2: Elaboration final pass complete - time: 0.0 [s].
# KERNEL: Warning: You are using the Active-HDL Student Edition. The performance of simulation is running at a reduced rate.
# KERNEL: Warning: Contact Aldec for available upgrade options - sales@aldec.com.
# KERNEL: Kernel process initialization done.
# Allocation: Simulator allocated 7343 kB (elbread=1280 elab2=5905 kernel=157 sdf=0)
# KERNEL: ASDB file was created in location C:\Users\Seyi Olajuyi\Documents\Courses\ESE345\Projec\System\System\src\wave.asdb
#  9:32 PM, Saturday, November 28, 2020
#  Simulation has been initialized
# Waveform file 'untitled.awc' connected to 'C:/Users/Seyi Olajuyi/Documents/Courses/ESE345/Projec/System/System/src/wave.asdb'.
run 100 ns
# KERNEL: WARNING: NUMERIC_STD.TO_INTEGER: metavalue detected, returning 0
# KERNEL: Time: 0 ps,  Iteration: 3,  Instance: /System_tb/UUT/instruct_buffer/u2,  Process: store_instruct.
# EXECUTION:: NOTE   : Line: 1000000100000110001000001
# EXECUTION:: Time: 10 ns,  Iteration: 0,  Instance: /System_tb,  Process: testing.
# EXECUTION:: NOTE   : PC : 000000
# EXECUTION:: Time: 10 ns,  Iteration: 0,  Instance: /System_tb,  Process: testing.
# EXECUTION:: NOTE   : Line: 1000100001001010011000111
# EXECUTION:: Time: 20 ns,  Iteration: 0,  Instance: /System_tb,  Process: testing.
# EXECUTION:: NOTE   : PC : 000001
# EXECUTION:: Time: 20 ns,  Iteration: 0,  Instance: /System_tb,  Process: testing.
# EXECUTION:: NOTE   : Line: 0010000000001000000000011
# EXECUTION:: Time: 30 ns,  Iteration: 0,  Instance: /System_tb,  Process: testing.
# EXECUTION:: NOTE   : PC : 000010
# EXECUTION:: Time: 30 ns,  Iteration: 0,  Instance: /System_tb,  Process: testing.
# KERNEL: stopped at time: 100 ns
# 8 signal(s) traced.
endsim
# VSIM: Simulation has finished.
asim -O5 +access +r +m+System_tb System_tb System_tb
# ELBREAD: Elaboration process.
# ELBREAD: Elaboration time 0.0 [s].
# VSIM: Stack memory: 32MB
# VSIM: Retval memory: 32MB
# 
# KERNEL: Main thread initiated.
# KERNEL: Kernel process initialization phase.
# ELAB2: Elaboration final pass...
# ELAB2: Create instances ...
# KERNEL: Time resolution set to 1ps.
# ELAB2: Create instances complete.
# SLP: Started
# SLP: Elaboration phase ...
# SLP: Elaboration phase ... skipped, nothing to simulate in SLP mode : 0.0 [s]
# SLP: Finished : 0.0 [s]
# ELAB2: Elaboration final pass complete - time: 0.0 [s].
# KERNEL: Warning: You are using the Active-HDL Student Edition. The performance of simulation is running at a reduced rate.
# KERNEL: Warning: Contact Aldec for available upgrade options - sales@aldec.com.
# KERNEL: Kernel process initialization done.
# Allocation: Simulator allocated 7343 kB (elbread=1280 elab2=5905 kernel=157 sdf=0)
# KERNEL: ASDB file was created in location C:\Users\Seyi Olajuyi\Documents\Courses\ESE345\Projec\System\System\src\wave.asdb
#  9:33 PM, Saturday, November 28, 2020
#  Simulation has been initialized
# Waveform file 'untitled.awc' connected to 'C:/Users/Seyi Olajuyi/Documents/Courses/ESE345/Projec/System/System/src/wave.asdb'.
run 100 ns
# KERNEL: WARNING: NUMERIC_STD.TO_INTEGER: metavalue detected, returning 0
# KERNEL: Time: 0 ps,  Iteration: 3,  Instance: /System_tb/UUT/instruct_buffer/u2,  Process: store_instruct.
# EXECUTION:: NOTE   : Line: 1000000100000110001000001
# EXECUTION:: Time: 10 ns,  Iteration: 0,  Instance: /System_tb,  Process: testing.
# EXECUTION:: NOTE   : PC : 000000
# EXECUTION:: Time: 10 ns,  Iteration: 0,  Instance: /System_tb,  Process: testing.
# EXECUTION:: NOTE   : Line: 1000100001001010011000111
# EXECUTION:: Time: 20 ns,  Iteration: 0,  Instance: /System_tb,  Process: testing.
# EXECUTION:: NOTE   : PC : 000001
# EXECUTION:: Time: 20 ns,  Iteration: 0,  Instance: /System_tb,  Process: testing.
# EXECUTION:: NOTE   : Line: 0010000000001000000000011
# EXECUTION:: Time: 30 ns,  Iteration: 0,  Instance: /System_tb,  Process: testing.
# EXECUTION:: NOTE   : PC : 000010
# EXECUTION:: Time: 30 ns,  Iteration: 0,  Instance: /System_tb,  Process: testing.
# KERNEL: stopped at time: 100 ns
run 100 ns
# KERNEL: stopped at time: 200 ns
run 100 ns
# KERNEL: stopped at time: 300 ns
run 100 ns
# KERNEL: stopped at time: 400 ns
endsim
# VSIM: Simulation has finished.
# ELBREAD: Elaboration process.
# ELBREAD: Elaboration time 0.0 [s].
# ELBREAD: Elaboration process.
# ELBREAD: Elaboration time 0.0 [s].
asim -O5 +access +r +m+data_forward data_forward data_forward
# ELBREAD: Elaboration process.
# ELBREAD: Elaboration time 0.0 [s].
# VSIM: Stack memory: 32MB
# VSIM: Retval memory: 32MB
# 
# KERNEL: Main thread initiated.
# KERNEL: Kernel process initialization phase.
# ELAB2: Elaboration final pass...
# ELAB2: Create instances ...
# KERNEL: Time resolution set to 1ps.
# ELAB2: Create instances complete.
# SLP: Started
# SLP: Elaboration phase ...
# SLP: Elaboration phase ... skipped, nothing to simulate in SLP mode : 0.0 [s]
# SLP: Finished : 0.0 [s]
# ELAB2: Elaboration final pass complete - time: 0.0 [s].
# KERNEL: Warning: You are using the Active-HDL Student Edition. The performance of simulation is running at a reduced rate.
# KERNEL: Warning: Contact Aldec for available upgrade options - sales@aldec.com.
# KERNEL: Kernel process initialization done.
# Allocation: Simulator allocated 6196 kB (elbread=1280 elab2=4777 kernel=138 sdf=0)
# KERNEL: ASDB file was created in location C:\Users\Seyi Olajuyi\Documents\Courses\ESE345\Projec\System\System\src\wave.asdb
#  10:05 PM, Saturday, November 28, 2020
#  Simulation has been initialized
# Waveform file 'untitled.awc' connected to 'C:/Users/Seyi Olajuyi/Documents/Courses/ESE345/Projec/System/System/src/wave.asdb'.
# Warning: WAVEFORM: Object matching /System_tb/UUT/instruct_buffer/u2/PC not found in C:/Users/Seyi Olajuyi/Documents/Courses/ESE345/Projec/System/System/src/wave.asdb.
# Warning: WAVEFORM: Object matching /System_tb/UUT/instruct_buffer/u2/Clk not found in C:/Users/Seyi Olajuyi/Documents/Courses/ESE345/Projec/System/System/src/wave.asdb.
# Warning: WAVEFORM: Object matching /System_tb/UUT/instruct_buffer/u2/Instruct not found in C:/Users/Seyi Olajuyi/Documents/Courses/ESE345/Projec/System/System/src/wave.asdb.
# Warning: WAVEFORM: Object matching /System_tb/UUT/Register_file/input not found in C:/Users/Seyi Olajuyi/Documents/Courses/ESE345/Projec/System/System/src/wave.asdb.
# Warning: WAVEFORM: Object matching /System_tb/UUT/Register_file/rs1 not found in C:/Users/Seyi Olajuyi/Documents/Courses/ESE345/Projec/System/System/src/wave.asdb.
# Warning: WAVEFORM: Object matching /System_tb/UUT/Register_file/rs2 not found in C:/Users/Seyi Olajuyi/Documents/Courses/ESE345/Projec/System/System/src/wave.asdb.
# Warning: WAVEFORM: Object matching /System_tb/UUT/Register_file/rs3 not found in C:/Users/Seyi Olajuyi/Documents/Courses/ESE345/Projec/System/System/src/wave.asdb.
# Warning: WAVEFORM: Object matching /System_tb/UUT/Register_file/RSel1 not found in C:/Users/Seyi Olajuyi/Documents/Courses/ESE345/Projec/System/System/src/wave.asdb.
# Warning: WAVEFORM: Object matching /System_tb/UUT/Register_file/RSel2 not found in C:/Users/Seyi Olajuyi/Documents/Courses/ESE345/Projec/System/System/src/wave.asdb.
# Warning: WAVEFORM: Object matching /System_tb/UUT/Register_file/RSel3 not found in C:/Users/Seyi Olajuyi/Documents/Courses/ESE345/Projec/System/System/src/wave.asdb.
# Warning: WAVEFORM: Object matching /System_tb/UUT/Register_file/RSelD not found in C:/Users/Seyi Olajuyi/Documents/Courses/ESE345/Projec/System/System/src/wave.asdb.
# Warning: WAVEFORM: Object matching /System_tb/UUT/Register_file/ALU_Ctrl not found in C:/Users/Seyi Olajuyi/Documents/Courses/ESE345/Projec/System/System/src/wave.asdb.
# Warning: WAVEFORM: Object matching /System_tb/UUT/Register_file/writeData not found in C:/Users/Seyi Olajuyi/Documents/Courses/ESE345/Projec/System/System/src/wave.asdb.
# Warning: WAVEFORM: Object matching /System_tb/UUT/Register_file/writeRegSel not found in C:/Users/Seyi Olajuyi/Documents/Courses/ESE345/Projec/System/System/src/wave.asdb.
# Warning: WAVEFORM: Object matching /System_tb/UUT/Register_file/writeEnable not found in C:/Users/Seyi Olajuyi/Documents/Courses/ESE345/Projec/System/System/src/wave.asdb.
# Warning: WAVEFORM: Object matching /System_tb/UUT/Alu/rs1_in not found in C:/Users/Seyi Olajuyi/Documents/Courses/ESE345/Projec/System/System/src/wave.asdb.
# Warning: WAVEFORM: Object matching /System_tb/UUT/Alu/rs2_in not found in C:/Users/Seyi Olajuyi/Documents/Courses/ESE345/Projec/System/System/src/wave.asdb.
# Warning: WAVEFORM: Object matching /System_tb/UUT/Alu/rs3_in not found in C:/Users/Seyi Olajuyi/Documents/Courses/ESE345/Projec/System/System/src/wave.asdb.
# Warning: WAVEFORM: Object matching /System_tb/UUT/Alu/ALU_instruct not found in C:/Users/Seyi Olajuyi/Documents/Courses/ESE345/Projec/System/System/src/wave.asdb.
# Warning: WAVEFORM: Object matching /System_tb/UUT/Alu/reg_des_in not found in C:/Users/Seyi Olajuyi/Documents/Courses/ESE345/Projec/System/System/src/wave.asdb.
# Warning: WAVEFORM: Object matching /System_tb/UUT/Alu/rd not found in C:/Users/Seyi Olajuyi/Documents/Courses/ESE345/Projec/System/System/src/wave.asdb.
# Warning: WAVEFORM: Object matching /System_tb/UUT/Alu/valid not found in C:/Users/Seyi Olajuyi/Documents/Courses/ESE345/Projec/System/System/src/wave.asdb.
# Warning: WAVEFORM: Object matching /System_tb/UUT/Alu/reg_des_out not found in C:/Users/Seyi Olajuyi/Documents/Courses/ESE345/Projec/System/System/src/wave.asdb.
# Warning: WAVEFORM: Object matching /System_tb/UUT/Data_forward/Out_Value not found in C:/Users/Seyi Olajuyi/Documents/Courses/ESE345/Projec/System/System/src/wave.asdb.
# Warning: WAVEFORM: Object matching /System_tb/UUT/Data_forward/forward not found in C:/Users/Seyi Olajuyi/Documents/Courses/ESE345/Projec/System/System/src/wave.asdb.
# Warning: WAVEFORM: Object matching /System_tb/UUT/Data_forward/In_Value not found in C:/Users/Seyi Olajuyi/Documents/Courses/ESE345/Projec/System/System/src/wave.asdb.
# Warning: WAVEFORM: Object matching /System_tb/UUT/Data_forward/In_reg_num not found in C:/Users/Seyi Olajuyi/Documents/Courses/ESE345/Projec/System/System/src/wave.asdb.
# Warning: WAVEFORM: Object matching /System_tb/UUT/Data_forward/reg1_num not found in C:/Users/Seyi Olajuyi/Documents/Courses/ESE345/Projec/System/System/src/wave.asdb.
# Warning: WAVEFORM: Object matching /System_tb/UUT/Data_forward/reg2_num not found in C:/Users/Seyi Olajuyi/Documents/Courses/ESE345/Projec/System/System/src/wave.asdb.
# Warning: WAVEFORM: Object matching /System_tb/UUT/Data_forward/reg3_num not found in C:/Users/Seyi Olajuyi/Documents/Courses/ESE345/Projec/System/System/src/wave.asdb.
# Warning: WAVEFORM: Object matching /System_tb/UUT/Data_forward/valid not found in C:/Users/Seyi Olajuyi/Documents/Courses/ESE345/Projec/System/System/src/wave.asdb.
# 8 signal(s) traced.
acom -dbg -e 100 -work system -2008  $dsn/src/data_forward.vhd
# File: C:/Users/Seyi Olajuyi/Documents/Courses/ESE345/Projec/System/System/src/data_forward.vhd
# Compile Entity "data_forward"
# Compile Architecture "data_forward" of Entity "data_forward"
# Compile success 0 Errors 0 Warnings  Analysis time :  78.0 [ms]
endsim
# VSIM: Simulation has finished.
asim -O5 +access +r +m+data_forward data_forward data_forward
# ELBREAD: Elaboration process.
# ELBREAD: Elaboration time 0.0 [s].
# VSIM: Stack memory: 32MB
# VSIM: Retval memory: 32MB
# 
# KERNEL: Main thread initiated.
# KERNEL: Kernel process initialization phase.
# ELAB2: Elaboration final pass...
# ELAB2: Create instances ...
# KERNEL: Time resolution set to 1ps.
# ELAB2: Create instances complete.
# SLP: Started
# SLP: Elaboration phase ...
# SLP: Elaboration phase ... skipped, nothing to simulate in SLP mode : 0.0 [s]
# SLP: Finished : 0.0 [s]
# ELAB2: Elaboration final pass complete - time: 0.0 [s].
# KERNEL: Warning: You are using the Active-HDL Student Edition. The performance of simulation is running at a reduced rate.
# KERNEL: Warning: Contact Aldec for available upgrade options - sales@aldec.com.
# KERNEL: Kernel process initialization done.
# Allocation: Simulator allocated 6196 kB (elbread=1280 elab2=4777 kernel=138 sdf=0)
# KERNEL: ASDB file was created in location C:\Users\Seyi Olajuyi\Documents\Courses\ESE345\Projec\System\System\src\wave.asdb
#  10:06 PM, Saturday, November 28, 2020
#  Simulation has been initialized
# Waveform file 'untitled.awc' connected to 'C:/Users/Seyi Olajuyi/Documents/Courses/ESE345/Projec/System/System/src/wave.asdb'.
run 100 ns
# KERNEL: stopped at time: 100 ns
run 100 ns
# KERNEL: stopped at time: 200 ns
run 100 ns
# KERNEL: stopped at time: 300 ns
run 100 ns
# KERNEL: stopped at time: 400 ns
acom -dbg -e 100 -work system -2008  $dsn/src/data_forward.vhd
# File: C:/Users/Seyi Olajuyi/Documents/Courses/ESE345/Projec/System/System/src/data_forward.vhd
# Compile Entity "data_forward"
# Compile Architecture "data_forward" of Entity "data_forward"
# Compile success 0 Errors 0 Warnings  Analysis time :  78.0 [ms]
endsim
# VSIM: Simulation has finished.
# ELBREAD: Elaboration process.
# ELBREAD: Elaboration time 0.0 [s].
# ELBREAD: Elaboration process.
# ELBREAD: Elaboration time 0.0 [s].
asim -O5 +access +r +m+System_tb System_tb System_tb
# ELBREAD: Elaboration process.
# ELBREAD: Elaboration time 0.0 [s].
# VSIM: Stack memory: 32MB
# VSIM: Retval memory: 32MB
# 
# KERNEL: Main thread initiated.
# KERNEL: Kernel process initialization phase.
# ELAB2: Elaboration final pass...
# ELAB2: Create instances ...
# KERNEL: Time resolution set to 1ps.
# ELAB2: Create instances complete.
# SLP: Started
# SLP: Elaboration phase ...
# SLP: Elaboration phase ... skipped, nothing to simulate in SLP mode : 0.0 [s]
# SLP: Finished : 0.0 [s]
# ELAB2: Elaboration final pass complete - time: 0.0 [s].
# KERNEL: Warning: You are using the Active-HDL Student Edition. The performance of simulation is running at a reduced rate.
# KERNEL: Warning: Contact Aldec for available upgrade options - sales@aldec.com.
# KERNEL: Kernel process initialization done.
# Allocation: Simulator allocated 7343 kB (elbread=1280 elab2=5905 kernel=157 sdf=0)
# KERNEL: ASDB file was created in location C:\Users\Seyi Olajuyi\Documents\Courses\ESE345\Projec\System\System\src\wave.asdb
#  10:08 PM, Saturday, November 28, 2020
#  Simulation has been initialized
# add wave -noreg {/System_tb/UUT/instruct_buffer/u2/PC}
# add wave -noreg {/System_tb/UUT/instruct_buffer/u2/Clk}
# add wave -noreg {/System_tb/UUT/instruct_buffer/u2/Instruct}
# 3 signal(s) traced.
# Waveform file 'untitled.awc' connected to 'C:/Users/Seyi Olajuyi/Documents/Courses/ESE345/Projec/System/System/src/wave.asdb'.
# 12 signal(s) traced.
# 8 signal(s) traced.
# 8 signal(s) traced.
acom -dbg -e 100 -work system -2008  $dsn/src/ALU.vhd $dsn/src/forward_mux.vhd $dsn/src/EX_WB_Reg.vhd $dsn/src/Instruct_Buffer.vhd $dsn/src/instruct_fetch.vhd $dsn/src/Program_Counter.vhd $dsn/src/IF_ID_reg.vhd $dsn/src/data_forward.vhd $dsn/src/ID_EX_Reg.vhd $dsn/src/System.vhd $dsn/src/System_tb.vhd $dsn/src/register_file.vhd
# File: C:/Users/Seyi Olajuyi/Documents/Courses/ESE345/Projec/System/System/src/ALU.vhd
# Compile Entity "ALU"
# Compile Architecture "ALU" of Entity "ALU"
# File: C:/Users/Seyi Olajuyi/Documents/Courses/ESE345/Projec/System/System/src/forward_mux.vhd
# Compile Entity "forward_mux"
# Compile Architecture "forward_mux" of Entity "forward_mux"
# File: C:/Users/Seyi Olajuyi/Documents/Courses/ESE345/Projec/System/System/src/EX_WB_Reg.vhd
# Compile Entity "EX_WB_Reg"
# Compile Architecture "EX_WB_Reg" of Entity "EX_WB_Reg"
# File: C:/Users/Seyi Olajuyi/Documents/Courses/ESE345/Projec/System/System/src/Instruct_Buffer.vhd
# Compile Entity "Instruct_Buffer"
# Compile Architecture "Instruct_Buffer" of Entity "Instruct_Buffer"
# File: C:/Users/Seyi Olajuyi/Documents/Courses/ESE345/Projec/System/System/src/instruct_fetch.vhd
# Compile Entity "instruct_fetch"
# Compile Architecture "structural" of Entity "instruct_fetch"
# File: C:/Users/Seyi Olajuyi/Documents/Courses/ESE345/Projec/System/System/src/Program_Counter.vhd
# Compile Entity "Program_Counter"
# Compile Architecture "Program_Counter" of Entity "Program_Counter"
# File: C:/Users/Seyi Olajuyi/Documents/Courses/ESE345/Projec/System/System/src/IF_ID_reg.vhd
# Compile Entity "IF_ID_reg"
# Compile Architecture "IF_ID_reg" of Entity "IF_ID_reg"
# File: C:/Users/Seyi Olajuyi/Documents/Courses/ESE345/Projec/System/System/src/data_forward.vhd
# Compile Entity "data_forward"
# Compile Architecture "data_forward" of Entity "data_forward"
# File: C:/Users/Seyi Olajuyi/Documents/Courses/ESE345/Projec/System/System/src/ID_EX_Reg.vhd
# Compile Entity "ID_EX_Reg"
# Compile Architecture "ID_EX_Reg" of Entity "ID_EX_Reg"
# File: C:/Users/Seyi Olajuyi/Documents/Courses/ESE345/Projec/System/System/src/System.vhd
# Compile Entity "System"
# Compile Architecture "structural" of Entity "System"
# File: C:/Users/Seyi Olajuyi/Documents/Courses/ESE345/Projec/System/System/src/System_tb.vhd
# Compile Entity "System_tb"
# Compile Architecture "System_tb" of Entity "System_tb"
# File: C:/Users/Seyi Olajuyi/Documents/Courses/ESE345/Projec/System/System/src/register_file.vhd
# Compile Entity "register_file"
# Compile Architecture "behavioral" of Entity "register_file"
# Compile success 0 Errors 0 Warnings  Analysis time :  0.5 [s]
endsim
# VSIM: Simulation has finished.
asim -O5 +access +r +m+System_tb System_tb System_tb
# ELBREAD: Elaboration process.
# ELBREAD: Elaboration time 0.0 [s].
# VSIM: Stack memory: 32MB
# VSIM: Retval memory: 32MB
# 
# KERNEL: Main thread initiated.
# KERNEL: Kernel process initialization phase.
# ELAB2: Elaboration final pass...
# ELAB2: Create instances ...
# KERNEL: Time resolution set to 1ps.
# ELAB2: Create instances complete.
# SLP: Started
# SLP: Elaboration phase ...
# SLP: Elaboration phase ... skipped, nothing to simulate in SLP mode : 0.0 [s]
# SLP: Finished : 0.0 [s]
# ELAB2: Elaboration final pass complete - time: 0.0 [s].
# KERNEL: Warning: You are using the Active-HDL Student Edition. The performance of simulation is running at a reduced rate.
# KERNEL: Warning: Contact Aldec for available upgrade options - sales@aldec.com.
# KERNEL: Kernel process initialization done.
# Allocation: Simulator allocated 7343 kB (elbread=1280 elab2=5905 kernel=157 sdf=0)
# KERNEL: ASDB file was created in location C:\Users\Seyi Olajuyi\Documents\Courses\ESE345\Projec\System\System\src\wave.asdb
#  10:13 PM, Saturday, November 28, 2020
#  Simulation has been initialized
# Waveform file 'untitled.awc' connected to 'C:/Users/Seyi Olajuyi/Documents/Courses/ESE345/Projec/System/System/src/wave.asdb'.
run 100 ns
# KERNEL: WARNING: NUMERIC_STD.TO_INTEGER: metavalue detected, returning 0
# KERNEL: Time: 0 ps,  Iteration: 3,  Instance: /System_tb/UUT/instruct_buffer/u2,  Process: store_instruct.
# EXECUTION:: NOTE   : Line: 1000000100000110001000001
# EXECUTION:: Time: 10 ns,  Iteration: 0,  Instance: /System_tb,  Process: testing.
# EXECUTION:: NOTE   : PC : 000000
# EXECUTION:: Time: 10 ns,  Iteration: 0,  Instance: /System_tb,  Process: testing.
# EXECUTION:: NOTE   : Line: 1100000000000000000000000
# EXECUTION:: Time: 20 ns,  Iteration: 0,  Instance: /System_tb,  Process: testing.
# EXECUTION:: NOTE   : PC : 000001
# EXECUTION:: Time: 20 ns,  Iteration: 0,  Instance: /System_tb,  Process: testing.
# EXECUTION:: NOTE   : Line: 1000100001001010011000111
# EXECUTION:: Time: 30 ns,  Iteration: 0,  Instance: /System_tb,  Process: testing.
# EXECUTION:: NOTE   : PC : 000010
# EXECUTION:: Time: 30 ns,  Iteration: 0,  Instance: /System_tb,  Process: testing.
# EXECUTION:: NOTE   : Line: 0010000000001000000000011
# EXECUTION:: Time: 40 ns,  Iteration: 0,  Instance: /System_tb,  Process: testing.
# EXECUTION:: NOTE   : PC : 000011
# EXECUTION:: Time: 40 ns,  Iteration: 0,  Instance: /System_tb,  Process: testing.
# KERNEL: stopped at time: 100 ns
run 100 ns
# KERNEL: stopped at time: 200 ns
run 100 ns
# KERNEL: stopped at time: 300 ns
run 100 ns
# KERNEL: stopped at time: 400 ns
acom -dbg -e 100 -work system -2008  $dsn/src/ALU.vhd $dsn/src/forward_mux.vhd $dsn/src/EX_WB_Reg.vhd $dsn/src/Instruct_Buffer.vhd $dsn/src/instruct_fetch.vhd $dsn/src/Program_Counter.vhd $dsn/src/IF_ID_reg.vhd $dsn/src/data_forward.vhd $dsn/src/ID_EX_Reg.vhd $dsn/src/System.vhd $dsn/src/System_tb.vhd $dsn/src/register_file.vhd
# File: C:/Users/Seyi Olajuyi/Documents/Courses/ESE345/Projec/System/System/src/ALU.vhd
# Compile Entity "ALU"
# Compile Architecture "ALU" of Entity "ALU"
# Error: COMP96_0019: ALU.vhd : (199, 2): Keyword 'end' expected.
# Error: COMP96_0016: ALU.vhd : (199, 11): Design unit declaration expected.
# File: C:/Users/Seyi Olajuyi/Documents/Courses/ESE345/Projec/System/System/src/forward_mux.vhd
# Compile Entity "forward_mux"
# Compile Architecture "forward_mux" of Entity "forward_mux"
# File: C:/Users/Seyi Olajuyi/Documents/Courses/ESE345/Projec/System/System/src/EX_WB_Reg.vhd
# Compile Entity "EX_WB_Reg"
# Compile Architecture "EX_WB_Reg" of Entity "EX_WB_Reg"
# File: C:/Users/Seyi Olajuyi/Documents/Courses/ESE345/Projec/System/System/src/Instruct_Buffer.vhd
# Compile Entity "Instruct_Buffer"
# Compile Architecture "Instruct_Buffer" of Entity "Instruct_Buffer"
# File: C:/Users/Seyi Olajuyi/Documents/Courses/ESE345/Projec/System/System/src/instruct_fetch.vhd
# Compile Entity "instruct_fetch"
# Compile Architecture "structural" of Entity "instruct_fetch"
# File: C:/Users/Seyi Olajuyi/Documents/Courses/ESE345/Projec/System/System/src/Program_Counter.vhd
# Compile Entity "Program_Counter"
# Compile Architecture "Program_Counter" of Entity "Program_Counter"
# File: C:/Users/Seyi Olajuyi/Documents/Courses/ESE345/Projec/System/System/src/IF_ID_reg.vhd
# Compile Entity "IF_ID_reg"
# Compile Architecture "IF_ID_reg" of Entity "IF_ID_reg"
# File: C:/Users/Seyi Olajuyi/Documents/Courses/ESE345/Projec/System/System/src/data_forward.vhd
# Compile Entity "data_forward"
# Compile Architecture "data_forward" of Entity "data_forward"
# File: C:/Users/Seyi Olajuyi/Documents/Courses/ESE345/Projec/System/System/src/ID_EX_Reg.vhd
# Compile Entity "ID_EX_Reg"
# Compile Architecture "ID_EX_Reg" of Entity "ID_EX_Reg"
# File: C:/Users/Seyi Olajuyi/Documents/Courses/ESE345/Projec/System/System/src/System.vhd
# Compile Entity "System"
# Compile Architecture "structural" of Entity "System"
# File: C:/Users/Seyi Olajuyi/Documents/Courses/ESE345/Projec/System/System/src/System_tb.vhd
# Compile Entity "System_tb"
# Compile Architecture "System_tb" of Entity "System_tb"
# File: C:/Users/Seyi Olajuyi/Documents/Courses/ESE345/Projec/System/System/src/register_file.vhd
# Compile Entity "register_file"
# Compile Architecture "behavioral" of Entity "register_file"
# Compile failure 2 Errors 0 Warnings  Analysis time :  0.6 [s]
acom -dbg -e 100 -work system -2008  $dsn/src/ALU.vhd $dsn/src/forward_mux.vhd $dsn/src/EX_WB_Reg.vhd $dsn/src/Instruct_Buffer.vhd $dsn/src/instruct_fetch.vhd $dsn/src/Program_Counter.vhd $dsn/src/IF_ID_reg.vhd $dsn/src/data_forward.vhd $dsn/src/ID_EX_Reg.vhd $dsn/src/System.vhd $dsn/src/System_tb.vhd $dsn/src/register_file.vhd
# File: C:/Users/Seyi Olajuyi/Documents/Courses/ESE345/Projec/System/System/src/ALU.vhd
# Compile Entity "ALU"
# Compile Architecture "ALU" of Entity "ALU"
# File: C:/Users/Seyi Olajuyi/Documents/Courses/ESE345/Projec/System/System/src/forward_mux.vhd
# Compile Entity "forward_mux"
# Compile Architecture "forward_mux" of Entity "forward_mux"
# File: C:/Users/Seyi Olajuyi/Documents/Courses/ESE345/Projec/System/System/src/EX_WB_Reg.vhd
# Compile Entity "EX_WB_Reg"
# Compile Architecture "EX_WB_Reg" of Entity "EX_WB_Reg"
# File: C:/Users/Seyi Olajuyi/Documents/Courses/ESE345/Projec/System/System/src/Instruct_Buffer.vhd
# Compile Entity "Instruct_Buffer"
# Compile Architecture "Instruct_Buffer" of Entity "Instruct_Buffer"
# File: C:/Users/Seyi Olajuyi/Documents/Courses/ESE345/Projec/System/System/src/instruct_fetch.vhd
# Compile Entity "instruct_fetch"
# Compile Architecture "structural" of Entity "instruct_fetch"
# File: C:/Users/Seyi Olajuyi/Documents/Courses/ESE345/Projec/System/System/src/Program_Counter.vhd
# Compile Entity "Program_Counter"
# Compile Architecture "Program_Counter" of Entity "Program_Counter"
# File: C:/Users/Seyi Olajuyi/Documents/Courses/ESE345/Projec/System/System/src/IF_ID_reg.vhd
# Compile Entity "IF_ID_reg"
# Compile Architecture "IF_ID_reg" of Entity "IF_ID_reg"
# File: C:/Users/Seyi Olajuyi/Documents/Courses/ESE345/Projec/System/System/src/data_forward.vhd
# Compile Entity "data_forward"
# Compile Architecture "data_forward" of Entity "data_forward"
# File: C:/Users/Seyi Olajuyi/Documents/Courses/ESE345/Projec/System/System/src/ID_EX_Reg.vhd
# Compile Entity "ID_EX_Reg"
# Compile Architecture "ID_EX_Reg" of Entity "ID_EX_Reg"
# File: C:/Users/Seyi Olajuyi/Documents/Courses/ESE345/Projec/System/System/src/System.vhd
# Compile Entity "System"
# Compile Architecture "structural" of Entity "System"
# File: C:/Users/Seyi Olajuyi/Documents/Courses/ESE345/Projec/System/System/src/System_tb.vhd
# Compile Entity "System_tb"
# Compile Architecture "System_tb" of Entity "System_tb"
# File: C:/Users/Seyi Olajuyi/Documents/Courses/ESE345/Projec/System/System/src/register_file.vhd
# Compile Entity "register_file"
# Compile Architecture "behavioral" of Entity "register_file"
# Compile success 0 Errors 0 Warnings  Analysis time :  0.6 [s]
endsim
# VSIM: Simulation has finished.
asim -O5 +access +r +m+System_tb System_tb System_tb
# ELBREAD: Elaboration process.
# ELBREAD: Elaboration time 0.0 [s].
# VSIM: Stack memory: 32MB
# VSIM: Retval memory: 32MB
# 
# KERNEL: Main thread initiated.
# KERNEL: Kernel process initialization phase.
# ELAB2: Elaboration final pass...
# ELAB2: Create instances ...
# KERNEL: Time resolution set to 1ps.
# ELAB2: Create instances complete.
# SLP: Started
# SLP: Elaboration phase ...
# SLP: Elaboration phase ... skipped, nothing to simulate in SLP mode : 0.0 [s]
# SLP: Finished : 0.0 [s]
# ELAB2: Elaboration final pass complete - time: 0.0 [s].
# KERNEL: Warning: You are using the Active-HDL Student Edition. The performance of simulation is running at a reduced rate.
# KERNEL: Warning: Contact Aldec for available upgrade options - sales@aldec.com.
# KERNEL: Kernel process initialization done.
# Allocation: Simulator allocated 7342 kB (elbread=1280 elab2=5904 kernel=157 sdf=0)
# KERNEL: ASDB file was created in location C:\Users\Seyi Olajuyi\Documents\Courses\ESE345\Projec\System\System\src\wave.asdb
#  10:51 PM, Saturday, November 28, 2020
#  Simulation has been initialized
# Waveform file 'untitled.awc' connected to 'C:/Users/Seyi Olajuyi/Documents/Courses/ESE345/Projec/System/System/src/wave.asdb'.
run 100 ns
# KERNEL: WARNING: NUMERIC_STD.TO_INTEGER: metavalue detected, returning 0
# KERNEL: Time: 0 ps,  Iteration: 3,  Instance: /System_tb/UUT/instruct_buffer/u2,  Process: store_instruct.
# EXECUTION:: NOTE   : Line: 1000000100000110001000001
# EXECUTION:: Time: 10 ns,  Iteration: 0,  Instance: /System_tb,  Process: testing.
# EXECUTION:: NOTE   : PC : 000000
# EXECUTION:: Time: 10 ns,  Iteration: 0,  Instance: /System_tb,  Process: testing.
# EXECUTION:: NOTE   : Line: 1100000000000000000000000
# EXECUTION:: Time: 20 ns,  Iteration: 0,  Instance: /System_tb,  Process: testing.
# EXECUTION:: NOTE   : PC : 000001
# EXECUTION:: Time: 20 ns,  Iteration: 0,  Instance: /System_tb,  Process: testing.
# EXECUTION:: NOTE   : Line: 1000100001001010011000111
# EXECUTION:: Time: 30 ns,  Iteration: 0,  Instance: /System_tb,  Process: testing.
# EXECUTION:: NOTE   : PC : 000010
# EXECUTION:: Time: 30 ns,  Iteration: 0,  Instance: /System_tb,  Process: testing.
# EXECUTION:: NOTE   : Line: 0010000000001000000000011
# EXECUTION:: Time: 40 ns,  Iteration: 0,  Instance: /System_tb,  Process: testing.
# EXECUTION:: NOTE   : PC : 000011
# EXECUTION:: Time: 40 ns,  Iteration: 0,  Instance: /System_tb,  Process: testing.
# KERNEL: stopped at time: 100 ns
run 100 ns
# KERNEL: stopped at time: 200 ns
run 100 ns
# KERNEL: stopped at time: 300 ns
run 100 ns
# KERNEL: stopped at time: 400 ns
acom -dbg -e 100 -work system -2008  $dsn/src/ALU.vhd
# File: C:/Users/Seyi Olajuyi/Documents/Courses/ESE345/Projec/System/System/src/ALU.vhd
# Compile Entity "ALU"
# Compile Architecture "ALU" of Entity "ALU"
# Compile success 0 Errors 0 Warnings  Analysis time :  0.1 [s]
endsim
# VSIM: Simulation has finished.
asim -O5 +access +r +m+System_tb System_tb System_tb
# ELBREAD: Elaboration process.
# ELBREAD: Elaboration time 0.0 [s].
# VSIM: Stack memory: 32MB
# VSIM: Retval memory: 32MB
# 
# KERNEL: Main thread initiated.
# KERNEL: Kernel process initialization phase.
# ELAB2: Elaboration final pass...
# ELAB2: Create instances ...
# KERNEL: Time resolution set to 1ps.
# ELAB2: Create instances complete.
# SLP: Started
# SLP: Elaboration phase ...
# SLP: Elaboration phase ... skipped, nothing to simulate in SLP mode : 0.0 [s]
# SLP: Finished : 0.0 [s]
# ELAB2: Elaboration final pass complete - time: 0.0 [s].
# KERNEL: Warning: You are using the Active-HDL Student Edition. The performance of simulation is running at a reduced rate.
# KERNEL: Warning: Contact Aldec for available upgrade options - sales@aldec.com.
# KERNEL: Kernel process initialization done.
# Allocation: Simulator allocated 7343 kB (elbread=1280 elab2=5906 kernel=157 sdf=0)
# KERNEL: ASDB file was created in location C:\Users\Seyi Olajuyi\Documents\Courses\ESE345\Projec\System\System\src\wave.asdb
#  10:56 PM, Saturday, November 28, 2020
#  Simulation has been initialized
# Waveform file 'untitled.awc' connected to 'C:/Users/Seyi Olajuyi/Documents/Courses/ESE345/Projec/System/System/src/wave.asdb'.
run 100 ns
# KERNEL: WARNING: NUMERIC_STD.TO_INTEGER: metavalue detected, returning 0
# KERNEL: Time: 0 ps,  Iteration: 3,  Instance: /System_tb/UUT/instruct_buffer/u2,  Process: store_instruct.
# EXECUTION:: NOTE   : Line: 1000000100000110001000001
# EXECUTION:: Time: 10 ns,  Iteration: 0,  Instance: /System_tb,  Process: testing.
# EXECUTION:: NOTE   : PC : 000000
# EXECUTION:: Time: 10 ns,  Iteration: 0,  Instance: /System_tb,  Process: testing.
# EXECUTION:: NOTE   : Line: 1100000000000000000000000
# EXECUTION:: Time: 20 ns,  Iteration: 0,  Instance: /System_tb,  Process: testing.
# EXECUTION:: NOTE   : PC : 000001
# EXECUTION:: Time: 20 ns,  Iteration: 0,  Instance: /System_tb,  Process: testing.
# EXECUTION:: NOTE   : Line: 1000100001001010011000111
# EXECUTION:: Time: 30 ns,  Iteration: 0,  Instance: /System_tb,  Process: testing.
# EXECUTION:: NOTE   : PC : 000010
# EXECUTION:: Time: 30 ns,  Iteration: 0,  Instance: /System_tb,  Process: testing.
# EXECUTION:: NOTE   : Line: 0010000000001000000000011
# EXECUTION:: Time: 40 ns,  Iteration: 0,  Instance: /System_tb,  Process: testing.
# EXECUTION:: NOTE   : PC : 000011
# EXECUTION:: Time: 40 ns,  Iteration: 0,  Instance: /System_tb,  Process: testing.
# KERNEL: stopped at time: 100 ns
run 100 ns
# KERNEL: stopped at time: 200 ns
run 100 ns
# KERNEL: stopped at time: 300 ns
run 100 ns
# KERNEL: stopped at time: 400 ns
run 100 ns
# KERNEL: stopped at time: 500 ns
acom -dbg -e 100 -work system -2008  $dsn/src/ALU.vhd
# File: C:/Users/Seyi Olajuyi/Documents/Courses/ESE345/Projec/System/System/src/ALU.vhd
# Compile Entity "ALU"
# Compile Architecture "ALU" of Entity "ALU"
# Compile success 0 Errors 0 Warnings  Analysis time :  0.1 [s]
endsim
# VSIM: Simulation has finished.
asim -O5 +access +r +m+System_tb System_tb System_tb
# ELBREAD: Elaboration process.
# ELBREAD: Elaboration time 0.0 [s].
# VSIM: Stack memory: 32MB
# VSIM: Retval memory: 32MB
# 
# KERNEL: Main thread initiated.
# KERNEL: Kernel process initialization phase.
# ELAB2: Elaboration final pass...
# ELAB2: Create instances ...
# KERNEL: Time resolution set to 1ps.
# ELAB2: Create instances complete.
# SLP: Started
# SLP: Elaboration phase ...
# SLP: Elaboration phase ... skipped, nothing to simulate in SLP mode : 0.0 [s]
# SLP: Finished : 0.0 [s]
# ELAB2: Elaboration final pass complete - time: 0.0 [s].
# KERNEL: Warning: You are using the Active-HDL Student Edition. The performance of simulation is running at a reduced rate.
# KERNEL: Warning: Contact Aldec for available upgrade options - sales@aldec.com.
# KERNEL: Kernel process initialization done.
# Allocation: Simulator allocated 7342 kB (elbread=1280 elab2=5904 kernel=157 sdf=0)
# KERNEL: ASDB file was created in location C:\Users\Seyi Olajuyi\Documents\Courses\ESE345\Projec\System\System\src\wave.asdb
#  11:00 PM, Saturday, November 28, 2020
#  Simulation has been initialized
# Waveform file 'untitled.awc' connected to 'C:/Users/Seyi Olajuyi/Documents/Courses/ESE345/Projec/System/System/src/wave.asdb'.
run 100 ns
# KERNEL: WARNING: NUMERIC_STD.TO_INTEGER: metavalue detected, returning 0
# KERNEL: Time: 0 ps,  Iteration: 3,  Instance: /System_tb/UUT/instruct_buffer/u2,  Process: store_instruct.
# EXECUTION:: NOTE   : Line: 1000000100000110001000001
# EXECUTION:: Time: 10 ns,  Iteration: 0,  Instance: /System_tb,  Process: testing.
# EXECUTION:: NOTE   : PC : 000000
# EXECUTION:: Time: 10 ns,  Iteration: 0,  Instance: /System_tb,  Process: testing.
# EXECUTION:: NOTE   : Line: 1100000000000000000000000
# EXECUTION:: Time: 20 ns,  Iteration: 0,  Instance: /System_tb,  Process: testing.
# EXECUTION:: NOTE   : PC : 000001
# EXECUTION:: Time: 20 ns,  Iteration: 0,  Instance: /System_tb,  Process: testing.
# EXECUTION:: NOTE   : Line: 1000100001001010011000111
# EXECUTION:: Time: 30 ns,  Iteration: 0,  Instance: /System_tb,  Process: testing.
# EXECUTION:: NOTE   : PC : 000010
# EXECUTION:: Time: 30 ns,  Iteration: 0,  Instance: /System_tb,  Process: testing.
# EXECUTION:: NOTE   : Line: 0010000000001000000000011
# EXECUTION:: Time: 40 ns,  Iteration: 0,  Instance: /System_tb,  Process: testing.
# EXECUTION:: NOTE   : PC : 000011
# EXECUTION:: Time: 40 ns,  Iteration: 0,  Instance: /System_tb,  Process: testing.
# KERNEL: stopped at time: 100 ns
run 100 ns
# KERNEL: stopped at time: 200 ns
run 100 ns
# KERNEL: stopped at time: 300 ns
run 100 ns
# KERNEL: stopped at time: 400 ns
acom -dbg -e 100 -work system -2008  $dsn/src/ALU.vhd
# File: C:/Users/Seyi Olajuyi/Documents/Courses/ESE345/Projec/System/System/src/ALU.vhd
# Compile Entity "ALU"
# Compile Architecture "ALU" of Entity "ALU"
# Compile success 0 Errors 0 Warnings  Analysis time :  0.1 [s]
endsim
# VSIM: Simulation has finished.
asim -O5 +access +r +m+System_tb System_tb System_tb
# ELBREAD: Elaboration process.
# ELBREAD: Elaboration time 0.0 [s].
# VSIM: Stack memory: 32MB
# VSIM: Retval memory: 32MB
# 
# KERNEL: Main thread initiated.
# KERNEL: Kernel process initialization phase.
# ELAB2: Elaboration final pass...
# ELAB2: Create instances ...
# KERNEL: Time resolution set to 1ps.
# ELAB2: Create instances complete.
# SLP: Started
# SLP: Elaboration phase ...
# SLP: Elaboration phase ... skipped, nothing to simulate in SLP mode : 0.0 [s]
# SLP: Finished : 0.0 [s]
# ELAB2: Elaboration final pass complete - time: 0.0 [s].
# KERNEL: Warning: You are using the Active-HDL Student Edition. The performance of simulation is running at a reduced rate.
# KERNEL: Warning: Contact Aldec for available upgrade options - sales@aldec.com.
# KERNEL: Kernel process initialization done.
# Allocation: Simulator allocated 7342 kB (elbread=1280 elab2=5905 kernel=157 sdf=0)
# KERNEL: ASDB file was created in location C:\Users\Seyi Olajuyi\Documents\Courses\ESE345\Projec\System\System\src\wave.asdb
#  11:04 PM, Saturday, November 28, 2020
#  Simulation has been initialized
# Waveform file 'untitled.awc' connected to 'C:/Users/Seyi Olajuyi/Documents/Courses/ESE345/Projec/System/System/src/wave.asdb'.
run 100 ns
# KERNEL: WARNING: NUMERIC_STD.TO_INTEGER: metavalue detected, returning 0
# KERNEL: Time: 0 ps,  Iteration: 3,  Instance: /System_tb/UUT/instruct_buffer/u2,  Process: store_instruct.
# EXECUTION:: NOTE   : Line: 1000000100000110001000001
# EXECUTION:: Time: 10 ns,  Iteration: 0,  Instance: /System_tb,  Process: testing.
# EXECUTION:: NOTE   : PC : 000000
# EXECUTION:: Time: 10 ns,  Iteration: 0,  Instance: /System_tb,  Process: testing.
# EXECUTION:: NOTE   : Line: 1100000000000000000000000
# EXECUTION:: Time: 20 ns,  Iteration: 0,  Instance: /System_tb,  Process: testing.
# EXECUTION:: NOTE   : PC : 000001
# EXECUTION:: Time: 20 ns,  Iteration: 0,  Instance: /System_tb,  Process: testing.
# EXECUTION:: NOTE   : Line: 1000100001001010011000111
# EXECUTION:: Time: 30 ns,  Iteration: 0,  Instance: /System_tb,  Process: testing.
# EXECUTION:: NOTE   : PC : 000010
# EXECUTION:: Time: 30 ns,  Iteration: 0,  Instance: /System_tb,  Process: testing.
# EXECUTION:: NOTE   : Line: 0010000000001000000000011
# EXECUTION:: Time: 40 ns,  Iteration: 0,  Instance: /System_tb,  Process: testing.
# EXECUTION:: NOTE   : PC : 000011
# EXECUTION:: Time: 40 ns,  Iteration: 0,  Instance: /System_tb,  Process: testing.
# KERNEL: stopped at time: 100 ns
run 100 ns
# KERNEL: stopped at time: 200 ns
run 100 ns
# KERNEL: stopped at time: 300 ns
run 100 ns
# KERNEL: stopped at time: 400 ns
acom -dbg -e 100 -work system -2008  $dsn/src/ALU.vhd
# File: C:/Users/Seyi Olajuyi/Documents/Courses/ESE345/Projec/System/System/src/ALU.vhd
# Compile Entity "ALU"
# Compile Architecture "ALU" of Entity "ALU"
# Warning: COMP96_0421: ALU.vhd : (411, 8): Array comparison is always FALSE.
# Warning: COMP96_0421: ALU.vhd : (416, 11): Array comparison is always FALSE.
# Warning: COMP96_0421: ALU.vhd : (422, 11): Array comparison is always FALSE.
# Warning: COMP96_0421: ALU.vhd : (428, 11): Array comparison is always FALSE.
# Warning: COMP96_0421: ALU.vhd : (434, 11): Array comparison is always FALSE.
# Warning: COMP96_0421: ALU.vhd : (440, 11): Array comparison is always FALSE.
# Warning: COMP96_0421: ALU.vhd : (446, 11): Array comparison is always FALSE.
# Warning: COMP96_0421: ALU.vhd : (452, 11): Array comparison is always FALSE.
# Compile success 0 Errors 8 Warnings  Analysis time :  0.1 [s]
acom -dbg -e 100 -work system -2008  $dsn/src/ALU.vhd
# File: C:/Users/Seyi Olajuyi/Documents/Courses/ESE345/Projec/System/System/src/ALU.vhd
# Compile Entity "ALU"
# Compile Architecture "ALU" of Entity "ALU"
# Compile success 0 Errors 0 Warnings  Analysis time :  94.0 [ms]
endsim
# VSIM: Simulation has finished.
asim -O5 +access +r +m+System_tb System_tb System_tb
# ELBREAD: Elaboration process.
# ELBREAD: Elaboration time 0.0 [s].
# VSIM: Stack memory: 32MB
# VSIM: Retval memory: 32MB
# 
# KERNEL: Main thread initiated.
# KERNEL: Kernel process initialization phase.
# ELAB2: Elaboration final pass...
# ELAB2: Create instances ...
# KERNEL: Time resolution set to 1ps.
# ELAB2: Create instances complete.
# SLP: Started
# SLP: Elaboration phase ...
# SLP: Elaboration phase ... skipped, nothing to simulate in SLP mode : 0.0 [s]
# SLP: Finished : 0.0 [s]
# ELAB2: Elaboration final pass complete - time: 0.0 [s].
# KERNEL: Warning: You are using the Active-HDL Student Edition. The performance of simulation is running at a reduced rate.
# KERNEL: Warning: Contact Aldec for available upgrade options - sales@aldec.com.
# KERNEL: Kernel process initialization done.
# Allocation: Simulator allocated 7342 kB (elbread=1280 elab2=5905 kernel=157 sdf=0)
# KERNEL: ASDB file was created in location C:\Users\Seyi Olajuyi\Documents\Courses\ESE345\Projec\System\System\src\wave.asdb
#  11:08 PM, Saturday, November 28, 2020
#  Simulation has been initialized
# Waveform file 'untitled.awc' connected to 'C:/Users/Seyi Olajuyi/Documents/Courses/ESE345/Projec/System/System/src/wave.asdb'.
run 100 ns
# KERNEL: WARNING: NUMERIC_STD.TO_INTEGER: metavalue detected, returning 0
# KERNEL: Time: 0 ps,  Iteration: 3,  Instance: /System_tb/UUT/instruct_buffer/u2,  Process: store_instruct.
# EXECUTION:: NOTE   : Line: 1000000100000110001000001
# EXECUTION:: Time: 10 ns,  Iteration: 0,  Instance: /System_tb,  Process: testing.
# EXECUTION:: NOTE   : PC : 000000
# EXECUTION:: Time: 10 ns,  Iteration: 0,  Instance: /System_tb,  Process: testing.
# EXECUTION:: NOTE   : Line: 1100000000000000000000000
# EXECUTION:: Time: 20 ns,  Iteration: 0,  Instance: /System_tb,  Process: testing.
# EXECUTION:: NOTE   : PC : 000001
# EXECUTION:: Time: 20 ns,  Iteration: 0,  Instance: /System_tb,  Process: testing.
# EXECUTION:: NOTE   : Line: 1000100001001010011000111
# EXECUTION:: Time: 30 ns,  Iteration: 0,  Instance: /System_tb,  Process: testing.
# EXECUTION:: NOTE   : PC : 000010
# EXECUTION:: Time: 30 ns,  Iteration: 0,  Instance: /System_tb,  Process: testing.
# EXECUTION:: NOTE   : Line: 0010000000001000000000011
# EXECUTION:: Time: 40 ns,  Iteration: 0,  Instance: /System_tb,  Process: testing.
# EXECUTION:: NOTE   : PC : 000011
# EXECUTION:: Time: 40 ns,  Iteration: 0,  Instance: /System_tb,  Process: testing.
# KERNEL: stopped at time: 100 ns
run 100 ns
# KERNEL: stopped at time: 200 ns
run 100 ns
# KERNEL: stopped at time: 300 ns
run 100 ns
# KERNEL: stopped at time: 400 ns
run 100 ns
acom -dbg -e 100 -work system -2008  $dsn/src/ALU.vhd
# File: C:/Users/Seyi Olajuyi/Documents/Courses/ESE345/Projec/System/System/src/ALU.vhd
# Compile Entity "ALU"
# Compile Architecture "ALU" of Entity "ALU"
# Compile success 0 Errors 0 Warnings  Analysis time :  0.1 [s]
# ELBREAD: Elaboration process.
# ELBREAD: Elaboration time 0.0 [s].
# 
# KERNEL: Main thread initiated.
# KERNEL: Kernel process initialization phase.
# ELAB2: Elaboration final pass...
# ELAB2: Create instances ...
# KERNEL: Time resolution set to 1ps.
# ELAB2: Create instances complete.
# SLP: Started
# SLP: Elaboration phase ...
# SLP: Elaboration phase ... skipped, nothing to simulate in SLP mode : 0.0 [s]
# SLP: Finished : 0.0 [s]
# ELAB2: Elaboration final pass complete - time: 0.0 [s].
# KERNEL: Warning: You are using the Active-HDL Student Edition. The performance of simulation is running at a reduced rate.
# KERNEL: Warning: Contact Aldec for available upgrade options - sales@aldec.com.
# KERNEL: Kernel process initialization done.
# Allocation: Simulator allocated 7342 kB (elbread=1280 elab2=5905 kernel=157 sdf=0)
# KERNEL: ASDB file was created in location C:\Users\Seyi Olajuyi\Documents\Courses\ESE345\Projec\System\System\src\wave.asdb
#  11:13 PM, Saturday, November 28, 2020
#  Simulation has been initialized
# Waveform file 'untitled.awc' connected to 'C:/Users/Seyi Olajuyi/Documents/Courses/ESE345/Projec/System/System/src/wave.asdb'.
run 100 ns
# KERNEL: WARNING: NUMERIC_STD.TO_INTEGER: metavalue detected, returning 0
# KERNEL: Time: 0 ps,  Iteration: 3,  Instance: /System_tb/UUT/instruct_buffer/u2,  Process: store_instruct.
# EXECUTION:: NOTE   : Line: 1000000100000110001000001
# EXECUTION:: Time: 10 ns,  Iteration: 0,  Instance: /System_tb,  Process: testing.
# EXECUTION:: NOTE   : PC : 000000
# EXECUTION:: Time: 10 ns,  Iteration: 0,  Instance: /System_tb,  Process: testing.
# EXECUTION:: NOTE   : Line: 1100000000000000000000000
# EXECUTION:: Time: 20 ns,  Iteration: 0,  Instance: /System_tb,  Process: testing.
# EXECUTION:: NOTE   : PC : 000001
# EXECUTION:: Time: 20 ns,  Iteration: 0,  Instance: /System_tb,  Process: testing.
# EXECUTION:: NOTE   : Line: 1000100001001010011000111
# EXECUTION:: Time: 30 ns,  Iteration: 0,  Instance: /System_tb,  Process: testing.
# EXECUTION:: NOTE   : PC : 000010
# EXECUTION:: Time: 30 ns,  Iteration: 0,  Instance: /System_tb,  Process: testing.
# EXECUTION:: NOTE   : Line: 0010000000001000000000011
# EXECUTION:: Time: 40 ns,  Iteration: 0,  Instance: /System_tb,  Process: testing.
# EXECUTION:: NOTE   : PC : 000011
# EXECUTION:: Time: 40 ns,  Iteration: 0,  Instance: /System_tb,  Process: testing.
# KERNEL: stopped at time: 100 ns
run 100 ns
# KERNEL: stopped at time: 200 ns
run 100 ns
# KERNEL: stopped at time: 300 ns
run 100 ns
# KERNEL: stopped at time: 400 ns
run 100 ns
# KERNEL: stopped at time: 500 ns
run 100 ns
# KERNEL: stopped at time: 600 ns
acom -dbg -e 100 -work system -2008  $dsn/src/System_tb.vhd
# File: C:/Users/Seyi Olajuyi/Documents/Courses/ESE345/Projec/System/System/src/System_tb.vhd
# Compile Entity "System_tb"
# Compile Architecture "System_tb" of Entity "System_tb"
# Compile success 0 Errors 0 Warnings  Analysis time :  94.0 [ms]
endsim
# VSIM: Simulation has finished.
