Active-HDL 11.1.262.7351 2020-11-25 01:01:08

Elaboration top modules:
Architecture                  ALU_tb(ALU_tb)


------------------------------------------------------------------------------------------------
Entity   | Architecture | Library        | Info | Compiler Version        | Compilation Options
------------------------------------------------------------------------------------------------
ALU_tb   | ALU_tb       | multimedia_alu |      | 11.1.262.7351 (Windows) | -dbg -2018
ALU      | ALU          | multimedia_alu |      | 11.1.262.7351 (Windows) | -dbg -2018
------------------------------------------------------------------------------------------------

------------------------------------------------------------------------------------------------
VHDL Package            | Library        | Info | Compiler Version        | Compilation Options
------------------------------------------------------------------------------------------------
standard                | std            |      |                         | <unavailable>
TEXTIO                  | std            |      |                         | <unavailable>
std_logic_1164          | ieee           |      |                         | <unavailable>
NUMERIC_STD             | ieee           |      |                         | <unavailable>
------------------------------------------------------------------------------------------------

------------------------------------------------------------------------------------------------
Library                 | Comment
------------------------------------------------------------------------------------------------
ieee                    | Standard IEEE packages library
multimedia_alu          | None
std                     | Standard VHDL library
------------------------------------------------------------------------------------------------
