# Design: Design EX_WB_Register already active.
# DESIGN: Default Design Language: VHDL
# DESIGN: Default BDE Language: VHDL
# DESIGN: C-Synthesis: Not Defined
# DESIGN: HDL Synthesis: Not Defined
# DESIGN: Physical Synthesis: Not Defined
# DESIGN: Implementation: Not Defined
acom -reorder -dbg -e 100 -work EX_WB_Register -2018  $dsn/src/EX_WB_Reg.vhd
# File: C:/Users/Seyi Olajuyi/Documents/Courses/ESE345/Projec/EX_WB_Register/EX_WB_Register/src/EX_WB_Reg.vhd
# Compile Entity "EX_WB_Reg"
# Compile Architecture "EX_WB_Reg" of Entity "EX_WB_Reg"
# Top-level unit(s) detected:
# Entity => EX_WB_Reg
# Compile success 0 Errors 0 Warnings  Analysis time :  94.0 [ms]
# ELBREAD: Elaboration process.
# ELBREAD: Elaboration time 0.0 [s].
asim -O5 +access +r +m+EX_WB_Reg EX_WB_Reg EX_WB_Reg
# ELBREAD: Elaboration process.
# ELBREAD: Elaboration time 0.0 [s].
# VSIM: Stack memory: 32MB
# VSIM: Retval memory: 32MB
# 
# KERNEL: Main thread initiated.
# KERNEL: Kernel process initialization phase.
# ELAB2: Elaboration final pass...
# ELAB2: Create instances ...
# KERNEL: Time resolution set to 1ps.
# ELAB2: Create instances complete.
# SLP: Started
# SLP: Elaboration phase ...
# SLP: Elaboration phase ... skipped, nothing to simulate in SLP mode : 0.0 [s]
# SLP: Finished : 0.0 [s]
# ELAB2: Elaboration final pass complete - time: 0.0 [s].
# KERNEL: Warning: You are using the Active-HDL Student Edition. The performance of simulation is running at a reduced rate.
# KERNEL: Warning: Contact Aldec for available upgrade options - sales@aldec.com.
# KERNEL: Kernel process initialization done.
# Allocation: Simulator allocated 7198 kB (elbread=1280 elab2=5780 kernel=138 sdf=0)
# KERNEL: ASDB file was created in location C:\Users\Seyi Olajuyi\Documents\Courses\ESE345\Projec\EX_WB_Register\EX_WB_Register\src\wave.asdb
#  7:47 PM, Wednesday, November 25, 2020
#  Simulation has been initialized
# add wave -noreg {/EX_WB_Reg/Clk}
# add wave -noreg {/EX_WB_Reg/Input}
# add wave -noreg {/EX_WB_Reg/Reg_Num_in}
# add wave -noreg {/EX_WB_Reg/Output}
# add wave -noreg {/EX_WB_Reg/Reg_Num_out}
# add wave -noreg {/EX_WB_Reg/reg_holder}
# add wave -noreg {/EX_WB_Reg/reg_num_holder}
# 7 signal(s) traced.
# Waveform file 'untitled.awc' connected to 'C:/Users/Seyi Olajuyi/Documents/Courses/ESE345/Projec/EX_WB_Register/EX_WB_Register/src/wave.asdb'.
run 100 ns
# KERNEL: stopped at time: 100 ns
endsim
# VSIM: Simulation has finished.
asim -O5 +access +r +m+EX_WB_Reg EX_WB_Reg EX_WB_Reg
# ELBREAD: Elaboration process.
# ELBREAD: Elaboration time 0.0 [s].
# VSIM: Stack memory: 32MB
# VSIM: Retval memory: 32MB
# 
acom -dbg -e 100 -work EX_WB_Register -2018  $dsn/src/EX_WB_Reg.vhd
# File: C:/Users/Seyi Olajuyi/Documents/Courses/ESE345/Projec/EX_WB_Register/EX_WB_Register/src/EX_WB_Reg.vhd
# Compile Entity "EX_WB_Reg"
# Compile Architecture "EX_WB_Reg" of Entity "EX_WB_Reg"
# Compile success 0 Errors 0 Warnings  Analysis time :  31.0 [ms]
# ELBREAD: Elaboration process.
# ELBREAD: Elaboration time 0.0 [s].
# KERNEL: Main thread initiated.
# KERNEL: Kernel process initialization phase.
# ELAB2: Elaboration final pass...
# ELAB2: Create instances ...
# KERNEL: Time resolution set to 1ps.
# ELAB2: Create instances complete.
# SLP: Started
# SLP: Elaboration phase ...
# SLP: Elaboration phase ... skipped, nothing to simulate in SLP mode : 0.0 [s]
# SLP: Finished : 0.0 [s]
# ELAB2: Elaboration final pass complete - time: 0.0 [s].
# KERNEL: Warning: You are using the Active-HDL Student Edition. The performance of simulation is running at a reduced rate.
# KERNEL: Warning: Contact Aldec for available upgrade options - sales@aldec.com.
# KERNEL: Kernel process initialization done.
# Allocation: Simulator allocated 7198 kB (elbread=1280 elab2=5780 kernel=138 sdf=0)
# KERNEL: ASDB file was created in location C:\Users\Seyi Olajuyi\Documents\Courses\ESE345\Projec\EX_WB_Register\EX_WB_Register\src\wave.asdb
#  7:49 PM, Wednesday, November 25, 2020
#  Simulation has been initialized
# Waveform file 'untitled.awc' connected to 'C:/Users/Seyi Olajuyi/Documents/Courses/ESE345/Projec/EX_WB_Register/EX_WB_Register/src/wave.asdb'.
run 100 ns
# KERNEL: stopped at time: 100 ns
endsim
# VSIM: Simulation has finished.
asim -O5 +access +r +m+EX_WB_Reg EX_WB_Reg EX_WB_Reg
# ELBREAD: Elaboration process.
# ELBREAD: Elaboration time 0.0 [s].
# VSIM: Stack memory: 32MB
# VSIM: Retval memory: 32MB
# 
acom -dbg -e 100 -work EX_WB_Register -2018  $dsn/src/EX_WB_Reg.vhd
# File: C:/Users/Seyi Olajuyi/Documents/Courses/ESE345/Projec/EX_WB_Register/EX_WB_Register/src/EX_WB_Reg.vhd
# Compile Entity "EX_WB_Reg"
# Compile Architecture "EX_WB_Reg" of Entity "EX_WB_Reg"
# Compile success 0 Errors 0 Warnings  Analysis time :  31.0 [ms]
# ELBREAD: Elaboration process.
# ELBREAD: Elaboration time 0.0 [s].
# KERNEL: Main thread initiated.
# KERNEL: Kernel process initialization phase.
# ELAB2: Elaboration final pass...
# ELAB2: Create instances ...
# KERNEL: Time resolution set to 1ps.
# ELAB2: Create instances complete.
# SLP: Started
# SLP: Elaboration phase ...
# SLP: Elaboration phase ... skipped, nothing to simulate in SLP mode : 0.0 [s]
# SLP: Finished : 0.0 [s]
# ELAB2: Elaboration final pass complete - time: 0.0 [s].
# KERNEL: Warning: You are using the Active-HDL Student Edition. The performance of simulation is running at a reduced rate.
# KERNEL: Warning: Contact Aldec for available upgrade options - sales@aldec.com.
# KERNEL: Kernel process initialization done.
# Allocation: Simulator allocated 7198 kB (elbread=1280 elab2=5780 kernel=138 sdf=0)
# KERNEL: ASDB file was created in location C:\Users\Seyi Olajuyi\Documents\Courses\ESE345\Projec\EX_WB_Register\EX_WB_Register\src\wave.asdb
#  7:50 PM, Wednesday, November 25, 2020
#  Simulation has been initialized
# Waveform file 'untitled.awc' connected to 'C:/Users/Seyi Olajuyi/Documents/Courses/ESE345/Projec/EX_WB_Register/EX_WB_Register/src/wave.asdb'.
run 100 ns
# KERNEL: stopped at time: 100 ns
endsim
# VSIM: Simulation has finished.
asim -O5 +access +r +m+EX_WB_Reg EX_WB_Reg EX_WB_Reg
# ELBREAD: Elaboration process.
# ELBREAD: Elaboration time 0.0 [s].
# VSIM: Stack memory: 32MB
# VSIM: Retval memory: 32MB
# 
acom -dbg -e 100 -work EX_WB_Register -2018  $dsn/src/EX_WB_Reg.vhd
# File: C:/Users/Seyi Olajuyi/Documents/Courses/ESE345/Projec/EX_WB_Register/EX_WB_Register/src/EX_WB_Reg.vhd
# Compile Entity "EX_WB_Reg"
# Compile Architecture "EX_WB_Reg" of Entity "EX_WB_Reg"
# Compile success 0 Errors 0 Warnings  Analysis time :  31.0 [ms]
# ELBREAD: Elaboration process.
# ELBREAD: Elaboration time 0.0 [s].
# KERNEL: Main thread initiated.
# KERNEL: Kernel process initialization phase.
# ELAB2: Elaboration final pass...
# ELAB2: Create instances ...
# KERNEL: Time resolution set to 1ps.
# ELAB2: Create instances complete.
# SLP: Started
# SLP: Elaboration phase ...
# SLP: Elaboration phase ... skipped, nothing to simulate in SLP mode : 0.0 [s]
# SLP: Finished : 0.0 [s]
# ELAB2: Elaboration final pass complete - time: 0.0 [s].
# KERNEL: Warning: You are using the Active-HDL Student Edition. The performance of simulation is running at a reduced rate.
# KERNEL: Warning: Contact Aldec for available upgrade options - sales@aldec.com.
# KERNEL: Kernel process initialization done.
# Allocation: Simulator allocated 7198 kB (elbread=1280 elab2=5780 kernel=138 sdf=0)
# KERNEL: ASDB file was created in location C:\Users\Seyi Olajuyi\Documents\Courses\ESE345\Projec\EX_WB_Register\EX_WB_Register\src\wave.asdb
#  7:50 PM, Wednesday, November 25, 2020
#  Simulation has been initialized
# Waveform file 'untitled.awc' connected to 'C:/Users/Seyi Olajuyi/Documents/Courses/ESE345/Projec/EX_WB_Register/EX_WB_Register/src/wave.asdb'.
run 100 ns
# KERNEL: stopped at time: 100 ns
endsim
# VSIM: Simulation has finished.
