Active-HDL 11.1.262.7351 2020-10-29 22:47:13

Elaboration top modules:
Architecture                  behavioral(register_file)


----------------------------------------------------------------------------------------------------
Entity        | Architecture | Library       | Info | Compiler Version        | Compilation Options
----------------------------------------------------------------------------------------------------
register_file | behavioral   | Register_File |      | 11.1.262.7351 (Windows) | -O3
----------------------------------------------------------------------------------------------------

----------------------------------------------------------------------------------------------------
VHDL Package                 | Library       | Info | Compiler Version        | Compilation Options
----------------------------------------------------------------------------------------------------
standard                     | std           |      |                         | <unavailable>
TEXTIO                       | std           |      |                         | <unavailable>
std_logic_1164               | ieee          |      |                         | <unavailable>
----------------------------------------------------------------------------------------------------

----------------------------------------------------------------------------------------------------
Library                      | Comment
----------------------------------------------------------------------------------------------------
ieee                         | Standard IEEE packages library
Register_File                | None
std                          | Standard VHDL library
----------------------------------------------------------------------------------------------------
