# ELBREAD: Elaboration process.
# ELBREAD: Error: Architecture 'Program_Counter' of entity 'Program_Counter' not found in library 'instruction_buffer'.
# ELBREAD: Error: Elaboration process completed with errors.
# Design: Error: Elaboration failed
acom -dbg -e 100 -work Instruction_buffer -2018  $dsn/src/instruct_fetch.vhd
# File: C:/Users/Seyi Olajuyi/Documents/Courses/ESE345/Projec/Instruction_Buffer/Instruction buffer/src/instruct_fetch.vhd
# Compile Entity "instruct_fetch"
# Compile Architecture "structural" of Entity "instruct_fetch"
# Compile success 0 Errors 0 Warnings  Analysis time :  63.0 [ms]
# ELBREAD: Elaboration process.
# ELBREAD: Error: ELBREAD_0081 instruct_fetch.vhd (53): Design unit Program_Counter instantiated in instruction_buffer.instruct_fetch not found in searched libraries: instruction_buffer.
# ELBREAD: Error: Elaboration process completed with errors.
# Design: Error: Elaboration failed
acom -dbg -e 100 -work Instruction_buffer -2018  $dsn/src/instruct_fetch.vhd
# File: C:/Users/Seyi Olajuyi/Documents/Courses/ESE345/Projec/Instruction_Buffer/Instruction buffer/src/instruct_fetch.vhd
# Compile Entity "instruct_fetch"
# Error: COMP96_0078: instruct_fetch.vhd : (29, 13): Unknown identifier "STD_LOGIC".
# Error: COMP96_0064: instruct_fetch.vhd : (29, 13): Unknown type.
# Error: COMP96_0078: instruct_fetch.vhd : (30, 13): Unknown identifier "STD_LOGIC".
# Error: COMP96_0064: instruct_fetch.vhd : (30, 13): Unknown type.
# Error: COMP96_0078: instruct_fetch.vhd : (31, 13): Unknown identifier "STD_LOGIC".
# Error: COMP96_0064: instruct_fetch.vhd : (31, 13): Unknown type.
# Error: COMP96_0078: instruct_fetch.vhd : (32, 19): Unknown identifier "STD_LOGIC".
# Error: COMP96_0064: instruct_fetch.vhd : (32, 19): Unknown type.
# Error: COMP96_0078: instruct_fetch.vhd : (33, 16): Unknown identifier "STD_LOGIC_VECTOR".
# Error: COMP96_0064: instruct_fetch.vhd : (33, 16): Unknown type.
# Error: COMP96_0078: instruct_fetch.vhd : (34, 16): Unknown identifier "STD_LOGIC_VECTOR".
# Error: COMP96_0064: instruct_fetch.vhd : (34, 16): Unknown type.
# Error: COMP96_0078: instruct_fetch.vhd : (35, 19): Unknown identifier "STD_LOGIC_VECTOR".
# Error: COMP96_0064: instruct_fetch.vhd : (35, 19): Unknown type.
# Compile Architecture "structural" of Entity "instruct_fetch"
# Error: COMP96_0078: instruct_fetch.vhd : (50, 13): Unknown identifier "PC_out".
# Error: COMP96_0078: instruct_fetch.vhd : (55, 9): Unknown identifier "PC_out".
# Compile failure 16 Errors 0 Warnings  Analysis time :  47.0 [ms]
acom -dbg -e 100 -work Instruction_buffer -2018  $dsn/src/instruct_fetch.vhd
# File: C:/Users/Seyi Olajuyi/Documents/Courses/ESE345/Projec/Instruction_Buffer/Instruction buffer/src/instruct_fetch.vhd
# Compile Entity "instruct_fetch"
# Compile Architecture "structural" of Entity "instruct_fetch"
# Error: COMP96_0078: instruct_fetch.vhd : (56, 13): Unknown identifier "PC_out".
# Error: COMP96_0078: instruct_fetch.vhd : (61, 9): Unknown identifier "PC_out".
# Compile failure 2 Errors 0 Warnings  Analysis time :  32.0 [ms]
acom -dbg -e 100 -work Instruction_buffer -2018  $dsn/src/instruct_fetch.vhd
# File: C:/Users/Seyi Olajuyi/Documents/Courses/ESE345/Projec/Instruction_Buffer/Instruction buffer/src/instruct_fetch.vhd
# Compile Entity "instruct_fetch"
# Compile Architecture "structural" of Entity "instruct_fetch"
# Compile success 0 Errors 0 Warnings  Analysis time :  16.0 [ms]
acom -dbg -e 100 -work Instruction_buffer -2018  $dsn/src/Instruct_Buffer.vhd $dsn/src/Program_Counter.vhd $dsn/src/instruct_buffer_tb.vhd $dsn/src/instruct_fetch.vhd
# File: C:/Users/Seyi Olajuyi/Documents/Courses/ESE345/Projec/Instruction_Buffer/Instruction buffer/src/Instruct_Buffer.vhd
# Compile Entity "Instruct_Buffer"
# Compile Architecture "Instruct_Buffer" of Entity "Instruct_Buffer"
# File: C:/Users/Seyi Olajuyi/Documents/Courses/ESE345/Projec/Instruction_Buffer/Instruction buffer/src/Program_Counter.vhd
# Compile Entity "Program_Counter"
# Compile Architecture "Program_Counter" of Entity "Program_Counter"
# File: C:/Users/Seyi Olajuyi/Documents/Courses/ESE345/Projec/Instruction_Buffer/Instruction buffer/src/instruct_buffer_tb.vhd
# Compile Entity "instruct_buffer_tb"
# Compile Architecture "instruct_buffer_tb" of Entity "instruct_buffer_tb"
# File: C:/Users/Seyi Olajuyi/Documents/Courses/ESE345/Projec/Instruction_Buffer/Instruction buffer/src/instruct_fetch.vhd
# Compile Entity "instruct_fetch"
# Compile Architecture "structural" of Entity "instruct_fetch"
# Compile success 0 Errors 0 Warnings  Analysis time :  0.2 [s]
