Active-HDL 11.1.262.7351 2020-11-27 10:07:46

Elaboration top modules:
Architecture                  structural(Execute)


--------------------------------------------------------------------------------------------
Entity      | Architecture | Library | Info | Compiler Version        | Compilation Options
--------------------------------------------------------------------------------------------
Execute     | structural   | execute |      | 11.1.262.7351 (Windows) | -dbg -2018
forward_mux | forward_mux  | execute |      | 11.1.262.7351 (Windows) | -O3
ALU         | ALU          | execute |      | 11.1.262.7351 (Windows) | -O3
--------------------------------------------------------------------------------------------

--------------------------------------------------------------------------------------------
VHDL Package               | Library | Info | Compiler Version        | Compilation Options
--------------------------------------------------------------------------------------------
standard                   | std     |      |                         | <unavailable>
TEXTIO                     | std     |      |                         | <unavailable>
std_logic_1164             | ieee    |      |                         | <unavailable>
NUMERIC_STD                | ieee    |      |                         | <unavailable>
--------------------------------------------------------------------------------------------

--------------------------------------------------------------------------------------------
Library                    | Comment
--------------------------------------------------------------------------------------------
execute                    | None
ieee                       | Standard IEEE packages library
std                        | Standard VHDL library
--------------------------------------------------------------------------------------------


Simulation Options: asim -O5 +access +r +m+Execute Execute structural


The performance of simulation is reduced. Version Student Edition
